#
# A fatal error has been detected by the Java Runtime Environment:
#
#  SIGSEGV (0xb) at pc=0x0000000141eb0b84, pid=43668, tid=69827
#
# JRE version: Java(TM) SE Runtime Environment (9.0+11) (build 9.0.1+11)
# Java VM: Java HotSpot(TM) 64-Bit Server VM (9.0.1+11, mixed mode, tiered, compressed oops, g1 gc, bsd-amd64)
# Problematic frame:
# C  [libglib-lite.dylib+0x26b84]  g_main_context_check+0x8a
#
# No core dump will be written. Core dumps have been disabled. To enable core dumping, try "ulimit -c unlimited" before starting Java again
#
# If you would like to submit a bug report, please visit:
#   http://bugreport.java.com/bugreport/crash.jsp
#

---------------  S U M M A R Y ------------

Command Line: -Dfile.encoding=UTF-8 layout.Main

Host: MacBookPro14,1 x86_64 2300 MHz, 4 cores, 8G, Darwin 17.2.0
Time: Sat Dec  2 15:50:27 2017 PST elapsed time: 15 seconds (0d 0h 0m 15s)

---------------  T H R E A D  ---------------

Current thread is native thread

Stack: [0x0000700005cdd000,0x0000700005d5d000],  sp=0x0000700005d5cdc0,  free space=511k
Native frames: (J=compiled Java code, A=aot compiled Java code, j=interpreted, Vv=VM code, C=native code)
C  [libglib-lite.dylib+0x26b84]  g_main_context_check+0x8a
C  [libglib-lite.dylib+0x270c7]  g_main_context_iterate+0x18d
C  [libglib-lite.dylib+0x27319]  g_main_loop_run+0xbb
C  [libjfxmedia.dylib+0x10ce6]  _ZN16CGstMediaManager8run_loopEPS_+0x8a
C  [libglib-lite.dylib+0x48e97]  g_thread_proxy+0x55
C  [libsystem_pthread.dylib+0x36c1]  _pthread_body+0x154
C  [libsystem_pthread.dylib+0x356d]  _pthread_body+0x0
C  [libsystem_pthread.dylib+0x2c5d]  thread_start+0xd


siginfo: si_signo: 11 (SIGSEGV), si_code: 1 (SEGV_MAPERR), si_addr: 0x0000000000000000

Register to memory mapping:

RAX=0x0000000000000000 is an unknown value
RBX=0x00007fc3d084052e is an unknown value
RCX=0x00007fc3ceece270 is an unknown value
RDX=0x77e7690077e70000 is an unknown value
RSP=0x0000700005d5cdc0 is an unknown value
RBP=0x0000700005d5ce20 is an unknown value
RSI=0x0000000077e76900 is an unknown value
RDI=0x00007fc3c65b7480 is an unknown value
R8 =0x0000000000551387 is an unknown value
R9 =0xffffffff00000000 is an unknown value
R10=0x00007fc3c65b7498 is an unknown value
R11=0x00007fc3c65b74a0 is an unknown value
R12=0x0000000141ebc5a8: g_poll+0 in /Library/Java/JavaVirtualMachines/jdk-9.0.1.jdk/Contents/Home/lib/libglib-lite.dylib at 0x0000000141e8a000
R13=0x00007fc3c65bb240 is an unknown value
R14=0x000000007fffffff is an unknown value
R15=0x0000000000000002 is an unknown value


Registers:
RAX=0x0000000000000000, RBX=0x00007fc3d084052e, RCX=0x00007fc3ceece270, RDX=0x77e7690077e70000
RSP=0x0000700005d5cdc0, RBP=0x0000700005d5ce20, RSI=0x0000000077e76900, RDI=0x00007fc3c65b7480
R8 =0x0000000000551387, R9 =0xffffffff00000000, R10=0x00007fc3c65b7498, R11=0x00007fc3c65b74a0
R12=0x0000000141ebc5a8, R13=0x00007fc3c65bb240, R14=0x000000007fffffff, R15=0x0000000000000002
RIP=0x0000000141eb0b84, EFLAGS=0x0000000000010202, ERR=0x0000000000000004
  TRAPNO=0x000000000000000e

Top of Stack: (sp=0x0000700005d5cdc0)
0x0000700005d5cdc0:   00007fc3cae4c440 00007fc37fffffff
0x0000700005d5cdd0:   0000000000000016 00007fc3d0840000
0x0000700005d5cde0:   00007fc3cecebb60 00007fc3cecebb60
0x0000700005d5cdf0:   0000003000000010 00000000000000a7
0x0000700005d5ce00:   0000000141ebc5a8 00007fc3d0840000
0x0000700005d5ce10:   00000000ffffffff 00007fc3c65bb240
0x0000700005d5ce20:   0000700005d5ce70 0000000141eb10c7
0x0000700005d5ce30:   00007fc3c65bb240 0000000100000001
0x0000700005d5ce40:   7fffffffffffffff 0000000000000001
0x0000700005d5ce50:   0000000141ed2e42 0000000000000000
0x0000700005d5ce60:   00007fc3c65bb420 00007fc3c65bb42c
0x0000700005d5ce70:   0000700005d5cea0 0000000141eb1319
0x0000700005d5ce80:   0000000000000000 00007fc3ca89f948
0x0000700005d5ce90:   00007fc3ca89f8e0 00007fc3ca89f938
0x0000700005d5cea0:   0000700005d5ced0 000000013520fce6
0x0000700005d5ceb0:   00000000000110c3 00007fc3ca8c6b80
0x0000700005d5cec0:   0000000141f8d008 0000000000000000
0x0000700005d5ced0:   0000700005d5cef0 0000000141ed2e97
0x0000700005d5cee0:   0000700005d5d000 0000700005d5d000
0x0000700005d5cef0:   0000700005d5cf20 00007fff677cf6c1
0x0000700005d5cf00:   0000000000000001 0000700005d5d000
0x0000700005d5cf10:   00000000180008ff 00007fc3ca8c6b80
0x0000700005d5cf20:   0000700005d5cf50 00007fff677cf56d
0x0000700005d5cf30:   0000000000000000 0000000000000000
0x0000700005d5cf40:   0000000000000000 0000000000000000
0x0000700005d5cf50:   0000700005d5cf78 00007fff677cec5d
0x0000700005d5cf60:   0000000000000000 0000000000000000
0x0000700005d5cf70:   0000000000000000 0000000000000000
0x0000700005d5cf80:   0000000000000000 0000000000000000
0x0000700005d5cf90:   0000000000000000 0000000000000000
0x0000700005d5cfa0:   0000000000000000 0000000000000000
0x0000700005d5cfb0:   0000000000000000 0000000000000000 

Instructions: (pc=0x0000000141eb0b84)
0x0000000141eb0b64:   0f 4c 89 ef e8 27 27 02 00 31 db e9 b7 01 00 00
0x0000000141eb0b74:   45 85 ff 7e 29 49 8d 45 60 48 83 c3 06 48 8b 00
0x0000000141eb0b84:   48 8b 08 66 83 79 04 00 74 07 66 8b 13 66 89 51
0x0000000141eb0b94:   06 48 83 c0 10 48 83 c3 08 41 ff cf 75 df 4c 89 


---------------  P R O C E S S  ---------------

VM state:synchronizing (normal execution)

VM Mutex/Monitor currently owned by a thread:  ([mutex/lock_event])
[0x00007fc3c6511050] Safepoint_lock - owner thread: 0x00007fc3c787e800
[0x00007fc3c65110d0] Threads_lock - owner thread: 0x00007fc3c787e800

Heap address: 0x0000000740000000, size: 2048 MB, Compressed Oops mode: Zero based, Oop shift amount: 3
Narrow klass base: 0x0000000000000000, Narrow klass shift: 3
Compressed class space size: 1073741824 Address: 0x00000007c0000000

Heap:
 garbage-first heap   total 233472K, used 90607K [0x0000000740000000, 0x0000000740100720, 0x00000007c0000000)
  region size 1024K, 57 young (58368K), 2 survivors (2048K)
 Metaspace       used 33860K, capacity 36300K, committed 36560K, reserved 1081344K
  class space    used 4293K, capacity 4728K, committed 4736K, reserved 1048576K
Heap Regions: E=young(eden), S=young(survivor), O=old, HS=humongous(starts), HC=humongous(continues), CS=collection set, F=free, A=archive, TS=gc time stamp, AC=allocation context, TAMS=top-at-mark-start (previous, next)
|   0|0x0000000740000000, 0x0000000740100000, 0x0000000740100000|100%| O|  |TS  0|AC  0|TAMS 0x0000000740100000, 0x0000000740100000|
|   1|0x0000000740100000, 0x0000000740200000, 0x0000000740200000|100%| O|  |TS  0|AC  0|TAMS 0x0000000740200000, 0x0000000740200000|
|   2|0x0000000740200000, 0x0000000740300000, 0x0000000740300000|100%| O|  |TS  0|AC  0|TAMS 0x0000000740300000, 0x0000000740300000|
|   3|0x0000000740300000, 0x0000000740400000, 0x0000000740400000|100%| O|  |TS  0|AC  0|TAMS 0x0000000740400000, 0x0000000740400000|
|   4|0x0000000740400000, 0x0000000740500000, 0x0000000740500000|100%| O|  |TS  0|AC  0|TAMS 0x0000000740500000, 0x0000000740500000|
|   5|0x0000000740500000, 0x0000000740600000, 0x0000000740600000|100%| O|  |TS  0|AC  0|TAMS 0x0000000740600000, 0x0000000740600000|
|   6|0x0000000740600000, 0x0000000740700000, 0x0000000740700000|100%| O|  |TS  0|AC  0|TAMS 0x0000000740700000, 0x0000000740700000|
|   7|0x0000000740700000, 0x0000000740800000, 0x0000000740800000|100%|HS|  |TS  0|AC  0|TAMS 0x0000000740800000, 0x0000000740800000|
|   8|0x0000000740800000, 0x0000000740900000, 0x0000000740900000|100%|HS|  |TS  0|AC  0|TAMS 0x0000000740900000, 0x0000000740900000|
|   9|0x0000000740900000, 0x0000000740a00000, 0x0000000740a00000|100%|HC|  |TS  0|AC  0|TAMS 0x0000000740a00000, 0x0000000740a00000|
|  10|0x0000000740a00000, 0x0000000740b00000, 0x0000000740b00000|100%|HC|  |TS  0|AC  0|TAMS 0x0000000740b00000, 0x0000000740b00000|
|  11|0x0000000740b00000, 0x0000000740c00000, 0x0000000740c00000|100%|HC|  |TS  0|AC  0|TAMS 0x0000000740c00000, 0x0000000740c00000|
|  12|0x0000000740c00000, 0x0000000740d00000, 0x0000000740d00000|100%|HS|  |TS  0|AC  0|TAMS 0x0000000740d00000, 0x0000000740d00000|
|  13|0x0000000740d00000, 0x0000000740e00000, 0x0000000740e00000|100%|HC|  |TS  0|AC  0|TAMS 0x0000000740e00000, 0x0000000740e00000|
|  14|0x0000000740e00000, 0x0000000740f00000, 0x0000000740f00000|100%|HS|  |TS  0|AC  0|TAMS 0x0000000740f00000, 0x0000000740f00000|
|  15|0x0000000740f00000, 0x0000000741000000, 0x0000000741000000|100%|HC|  |TS  0|AC  0|TAMS 0x0000000741000000, 0x0000000741000000|
|  16|0x0000000741000000, 0x0000000741100000, 0x0000000741100000|100%|HC|  |TS  0|AC  0|TAMS 0x0000000741100000, 0x0000000741100000|
|  17|0x0000000741100000, 0x0000000741200000, 0x0000000741200000|100%|HC|  |TS  0|AC  0|TAMS 0x0000000741200000, 0x0000000741200000|
|  18|0x0000000741200000, 0x0000000741300000, 0x0000000741300000|100%|HC|  |TS  0|AC  0|TAMS 0x0000000741300000, 0x0000000741300000|
|  19|0x0000000741300000, 0x0000000741400000, 0x0000000741400000|100%|HS|  |TS  0|AC  0|TAMS 0x0000000741400000, 0x0000000741400000|
|  20|0x0000000741400000, 0x0000000741500000, 0x0000000741500000|100%|HC|  |TS  0|AC  0|TAMS 0x0000000741500000, 0x0000000741500000|
|  21|0x0000000741500000, 0x0000000741600000, 0x0000000741600000|100%| O|  |TS  0|AC  0|TAMS 0x0000000741600000, 0x0000000741600000|
|  22|0x0000000741600000, 0x0000000741700000, 0x0000000741700000|100%| O|  |TS  0|AC  0|TAMS 0x0000000741700000, 0x0000000741700000|
|  23|0x0000000741700000, 0x0000000741800000, 0x0000000741800000|100%|HS|  |TS  0|AC  0|TAMS 0x0000000741800000, 0x0000000741800000|
|  24|0x0000000741800000, 0x0000000741900000, 0x0000000741900000|100%|HC|  |TS  0|AC  0|TAMS 0x0000000741900000, 0x0000000741900000|
|  25|0x0000000741900000, 0x0000000741a00000, 0x0000000741a00000|100%|HC|  |TS  0|AC  0|TAMS 0x0000000741a00000, 0x0000000741a00000|
|  26|0x0000000741a00000, 0x0000000741b00000, 0x0000000741b00000|100%|HS|  |TS  0|AC  0|TAMS 0x0000000741b00000, 0x0000000741b00000|
|  27|0x0000000741b00000, 0x0000000741c00000, 0x0000000741c00000|100%| O|  |TS  0|AC  0|TAMS 0x0000000741c00000, 0x0000000741c00000|
|  28|0x0000000741c00000, 0x0000000741d00000, 0x0000000741d00000|100%| O|  |TS  0|AC  0|TAMS 0x0000000741d00000, 0x0000000741d00000|
|  29|0x0000000741d00000, 0x0000000741e00000, 0x0000000741e00000|100%| O|  |TS  0|AC  0|TAMS 0x0000000741e00000, 0x0000000741e00000|
|  30|0x0000000741e00000, 0x0000000741f00000, 0x0000000741f00000|100%| O|  |TS  0|AC  0|TAMS 0x0000000741f00000, 0x0000000741f00000|
|  31|0x0000000741f00000, 0x0000000742000000, 0x0000000742000000|100%| O|  |TS 15|AC  0|TAMS 0x0000000741fb8000, 0x0000000741fb8000|
|  32|0x0000000742000000, 0x00000007420e5000, 0x0000000742100000| 89%| O|  |TS 15|AC  0|TAMS 0x0000000742000000, 0x0000000742000000|
|  33|0x0000000742100000, 0x0000000742100000, 0x0000000742200000|  0%| F|  |TS  0|AC  0|TAMS 0x0000000742100000, 0x0000000742100000|
|  34|0x0000000742200000, 0x0000000742200000, 0x0000000742300000|  0%| F|  |TS  0|AC  0|TAMS 0x0000000742200000, 0x0000000742200000|
|  35|0x0000000742300000, 0x0000000742300000, 0x0000000742400000|  0%| F|  |TS  0|AC  0|TAMS 0x0000000742300000, 0x0000000742300000|
|  36|0x0000000742400000, 0x0000000742400000, 0x0000000742500000|  0%| F|  |TS  0|AC  0|TAMS 0x0000000742400000, 0x0000000742400000|
|  37|0x0000000742500000, 0x0000000742500000, 0x0000000742600000|  0%| F|  |TS  0|AC  0|TAMS 0x0000000742500000, 0x0000000742500000|
|  38|0x0000000742600000, 0x0000000742600000, 0x0000000742700000|  0%| F|  |TS  0|AC  0|TAMS 0x0000000742600000, 0x0000000742600000|
|  39|0x0000000742700000, 0x0000000742700000, 0x0000000742800000|  0%| F|  |TS  0|AC  0|TAMS 0x0000000742700000, 0x0000000742700000|
|  40|0x0000000742800000, 0x0000000742800000, 0x0000000742900000|  0%| F|  |TS  0|AC  0|TAMS 0x0000000742800000, 0x0000000742800000|
|  41|0x0000000742900000, 0x0000000742900000, 0x0000000742a00000|  0%| F|  |TS  0|AC  0|TAMS 0x0000000742900000, 0x0000000742900000|
|  42|0x0000000742a00000, 0x0000000742a00000, 0x0000000742b00000|  0%| F|  |TS  0|AC  0|TAMS 0x0000000742a00000, 0x0000000742a00000|
|  43|0x0000000742b00000, 0x0000000742b00000, 0x0000000742c00000|  0%| F|  |TS  0|AC  0|TAMS 0x0000000742b00000, 0x0000000742b00000|
|  44|0x0000000742c00000, 0x0000000742c00000, 0x0000000742d00000|  0%| F|  |TS  0|AC  0|TAMS 0x0000000742c00000, 0x0000000742c00000|
|  45|0x0000000742d00000, 0x0000000742d00000, 0x0000000742e00000|  0%| F|  |TS  0|AC  0|TAMS 0x0000000742d00000, 0x0000000742d00000|
|  46|0x0000000742e00000, 0x0000000742e00000, 0x0000000742f00000|  0%| F|  |TS  0|AC  0|TAMS 0x0000000742e00000, 0x0000000742e00000|
|  47|0x0000000742f00000, 0x0000000742f00000, 0x0000000743000000|  0%| F|  |TS  0|AC  0|TAMS 0x0000000742f00000, 0x0000000742f00000|
|  48|0x0000000743000000, 0x0000000743000000, 0x0000000743100000|  0%| F|  |TS  0|AC  0|TAMS 0x0000000743000000, 0x0000000743000000|
|  49|0x0000000743100000, 0x0000000743100000, 0x0000000743200000|  0%| F|  |TS  0|AC  0|TAMS 0x0000000743100000, 0x0000000743100000|
|  50|0x0000000743200000, 0x0000000743200000, 0x0000000743300000|  0%| F|  |TS  0|AC  0|TAMS 0x0000000743200000, 0x0000000743200000|
|  51|0x0000000743300000, 0x0000000743300000, 0x0000000743400000|  0%| F|  |TS  0|AC  0|TAMS 0x0000000743300000, 0x0000000743300000|
|  52|0x0000000743400000, 0x0000000743400000, 0x0000000743500000|  0%| F|  |TS  0|AC  0|TAMS 0x0000000743400000, 0x0000000743400000|
|  53|0x0000000743500000, 0x0000000743500000, 0x0000000743600000|  0%| F|  |TS  0|AC  0|TAMS 0x0000000743500000, 0x0000000743500000|
|  54|0x0000000743600000, 0x0000000743600000, 0x0000000743700000|  0%| F|  |TS  0|AC  0|TAMS 0x0000000743600000, 0x0000000743600000|
|  55|0x0000000743700000, 0x0000000743700000, 0x0000000743800000|  0%| F|  |TS  0|AC  0|TAMS 0x0000000743700000, 0x0000000743700000|
|  56|0x0000000743800000, 0x0000000743800000, 0x0000000743900000|  0%| F|  |TS  0|AC  0|TAMS 0x0000000743800000, 0x0000000743800000|
|  57|0x0000000743900000, 0x0000000743900000, 0x0000000743a00000|  0%| F|  |TS  0|AC  0|TAMS 0x0000000743900000, 0x0000000743900000|
|  58|0x0000000743a00000, 0x0000000743a00000, 0x0000000743b00000|  0%| F|  |TS  0|AC  0|TAMS 0x0000000743a00000, 0x0000000743a00000|
|  59|0x0000000743b00000, 0x0000000743b00000, 0x0000000743c00000|  0%| F|  |TS  0|AC  0|TAMS 0x0000000743b00000, 0x0000000743b00000|
|  60|0x0000000743c00000, 0x0000000743c00000, 0x0000000743d00000|  0%| F|  |TS  0|AC  0|TAMS 0x0000000743c00000, 0x0000000743c00000|
|  61|0x0000000743d00000, 0x0000000743d00000, 0x0000000743e00000|  0%| F|  |TS  0|AC  0|TAMS 0x0000000743d00000, 0x0000000743d00000|
|  62|0x0000000743e00000, 0x0000000743e00000, 0x0000000743f00000|  0%| F|  |TS  0|AC  0|TAMS 0x0000000743e00000, 0x0000000743e00000|
|  63|0x0000000743f00000, 0x0000000743f00000, 0x0000000744000000|  0%| F|  |TS  0|AC  0|TAMS 0x0000000743f00000, 0x0000000743f00000|
|  64|0x0000000744000000, 0x0000000744000000, 0x0000000744100000|  0%| F|  |TS  0|AC  0|TAMS 0x0000000744000000, 0x0000000744000000|
|  65|0x0000000744100000, 0x0000000744100000, 0x0000000744200000|  0%| F|  |TS  0|AC  0|TAMS 0x0000000744100000, 0x0000000744100000|
|  66|0x0000000744200000, 0x0000000744200000, 0x0000000744300000|  0%| F|  |TS  0|AC  0|TAMS 0x0000000744200000, 0x0000000744200000|
|  67|0x0000000744300000, 0x0000000744300000, 0x0000000744400000|  0%| F|  |TS  0|AC  0|TAMS 0x0000000744300000, 0x0000000744300000|
|  68|0x0000000744400000, 0x0000000744400000, 0x0000000744500000|  0%| F|  |TS  0|AC  0|TAMS 0x0000000744400000, 0x0000000744400000|
|  69|0x0000000744500000, 0x0000000744500000, 0x0000000744600000|  0%| F|  |TS  0|AC  0|TAMS 0x0000000744500000, 0x0000000744500000|
|  70|0x0000000744600000, 0x0000000744600000, 0x0000000744700000|  0%| F|  |TS  0|AC  0|TAMS 0x0000000744600000, 0x0000000744600000|
|  71|0x0000000744700000, 0x0000000744700000, 0x0000000744800000|  0%| F|  |TS 15|AC  0|TAMS 0x0000000744700000, 0x0000000744700000|
|  72|0x0000000744800000, 0x0000000744800000, 0x0000000744900000|  0%| F|  |TS 15|AC  0|TAMS 0x0000000744800000, 0x0000000744800000|
|  73|0x0000000744900000, 0x0000000744900000, 0x0000000744a00000|  0%| F|  |TS 15|AC  0|TAMS 0x0000000744900000, 0x0000000744900000|
|  74|0x0000000744a00000, 0x0000000744a00000, 0x0000000744b00000|  0%| F|  |TS 13|AC  0|TAMS 0x0000000744a00000, 0x0000000744a00000|
|  75|0x0000000744b00000, 0x0000000744b96fc8, 0x0000000744c00000| 58%| S|CS|TS 15|AC  0|TAMS 0x0000000744b00000, 0x0000000744b00000|
|  76|0x0000000744c00000, 0x0000000744d00000, 0x0000000744d00000|100%| S|CS|TS 15|AC  0|TAMS 0x0000000744c00000, 0x0000000744c00000|
|  77|0x0000000744d00000, 0x0000000744d00000, 0x0000000744e00000|  0%| F|  |TS 15|AC  0|TAMS 0x0000000744d00000, 0x0000000744d00000|
|  78|0x0000000744e00000, 0x0000000744e00000, 0x0000000744f00000|  0%| F|  |TS 15|AC  0|TAMS 0x0000000744e00000, 0x0000000744e00000|
|  79|0x0000000744f00000, 0x0000000744f00000, 0x0000000745000000|  0%| F|  |TS 15|AC  0|TAMS 0x0000000744f00000, 0x0000000744f00000|
|  80|0x0000000745000000, 0x0000000745000000, 0x0000000745100000|  0%| F|  |TS 15|AC  0|TAMS 0x0000000745000000, 0x0000000745000000|
|  81|0x0000000745100000, 0x0000000745100000, 0x0000000745200000|  0%| F|  |TS 15|AC  0|TAMS 0x0000000745100000, 0x0000000745100000|
|  82|0x0000000745200000, 0x0000000745200000, 0x0000000745300000|  0%| F|  |TS 15|AC  0|TAMS 0x0000000745200000, 0x0000000745200000|
|  83|0x0000000745300000, 0x0000000745300000, 0x0000000745400000|  0%| F|  |TS 15|AC  0|TAMS 0x0000000745300000, 0x0000000745300000|
|  84|0x0000000745400000, 0x0000000745400000, 0x0000000745500000|  0%| F|  |TS 15|AC  0|TAMS 0x0000000745400000, 0x0000000745400000|
|  85|0x0000000745500000, 0x0000000745500000, 0x0000000745600000|  0%| F|  |TS 15|AC  0|TAMS 0x0000000745500000, 0x0000000745500000|
|  86|0x0000000745600000, 0x0000000745600000, 0x0000000745700000|  0%| F|  |TS 15|AC  0|TAMS 0x0000000745600000, 0x0000000745600000|
|  87|0x0000000745700000, 0x0000000745700000, 0x0000000745800000|  0%| F|  |TS 15|AC  0|TAMS 0x0000000745700000, 0x0000000745700000|
|  88|0x0000000745800000, 0x0000000745800000, 0x0000000745900000|  0%| F|  |TS 15|AC  0|TAMS 0x0000000745800000, 0x0000000745800000|
|  89|0x0000000745900000, 0x0000000745900000, 0x0000000745a00000|  0%| F|  |TS 15|AC  0|TAMS 0x0000000745900000, 0x0000000745900000|
|  90|0x0000000745a00000, 0x0000000745a00000, 0x0000000745b00000|  0%| F|  |TS 15|AC  0|TAMS 0x0000000745a00000, 0x0000000745a00000|
|  91|0x0000000745b00000, 0x0000000745b00000, 0x0000000745c00000|  0%| F|  |TS 15|AC  0|TAMS 0x0000000745b00000, 0x0000000745b00000|
|  92|0x0000000745c00000, 0x0000000745c00000, 0x0000000745d00000|  0%| F|  |TS 15|AC  0|TAMS 0x0000000745c00000, 0x0000000745c00000|
|  93|0x0000000745d00000, 0x0000000745d00000, 0x0000000745e00000|  0%| F|  |TS 15|AC  0|TAMS 0x0000000745d00000, 0x0000000745d00000|
|  94|0x0000000745e00000, 0x0000000745e00000, 0x0000000745f00000|  0%| F|  |TS 15|AC  0|TAMS 0x0000000745e00000, 0x0000000745e00000|
|  95|0x0000000745f00000, 0x0000000745f00000, 0x0000000746000000|  0%| F|  |TS 15|AC  0|TAMS 0x0000000745f00000, 0x0000000745f00000|
|  96|0x0000000746000000, 0x0000000746000000, 0x0000000746100000|  0%| F|  |TS 15|AC  0|TAMS 0x0000000746000000, 0x0000000746000000|
|  97|0x0000000746100000, 0x0000000746100000, 0x0000000746200000|  0%| F|  |TS 15|AC  0|TAMS 0x0000000746100000, 0x0000000746100000|
|  98|0x0000000746200000, 0x0000000746200000, 0x0000000746300000|  0%| F|  |TS 15|AC  0|TAMS 0x0000000746200000, 0x0000000746200000|
|  99|0x0000000746300000, 0x0000000746300000, 0x0000000746400000|  0%| F|  |TS 15|AC  0|TAMS 0x0000000746300000, 0x0000000746300000|
| 100|0x0000000746400000, 0x0000000746400000, 0x0000000746500000|  0%| F|  |TS 15|AC  0|TAMS 0x0000000746400000, 0x0000000746400000|
| 101|0x0000000746500000, 0x0000000746500000, 0x0000000746600000|  0%| F|  |TS 15|AC  0|TAMS 0x0000000746500000, 0x0000000746500000|
| 102|0x0000000746600000, 0x0000000746600000, 0x0000000746700000|  0%| F|  |TS 15|AC  0|TAMS 0x0000000746600000, 0x0000000746600000|
| 103|0x0000000746700000, 0x0000000746700000, 0x0000000746800000|  0%| F|  |TS 15|AC  0|TAMS 0x0000000746700000, 0x0000000746700000|
| 104|0x0000000746800000, 0x0000000746800000, 0x0000000746900000|  0%| F|  |TS 15|AC  0|TAMS 0x0000000746800000, 0x0000000746800000|
| 105|0x0000000746900000, 0x0000000746900000, 0x0000000746a00000|  0%| F|  |TS 15|AC  0|TAMS 0x0000000746900000, 0x0000000746900000|
| 106|0x0000000746a00000, 0x0000000746a00000, 0x0000000746b00000|  0%| F|  |TS 15|AC  0|TAMS 0x0000000746a00000, 0x0000000746a00000|
| 107|0x0000000746b00000, 0x0000000746b00000, 0x0000000746c00000|  0%| F|  |TS 15|AC  0|TAMS 0x0000000746b00000, 0x0000000746b00000|
| 108|0x0000000746c00000, 0x0000000746c00000, 0x0000000746d00000|  0%| F|  |TS 15|AC  0|TAMS 0x0000000746c00000, 0x0000000746c00000|
| 109|0x0000000746d00000, 0x0000000746d00000, 0x0000000746e00000|  0%| F|  |TS 15|AC  0|TAMS 0x0000000746d00000, 0x0000000746d00000|
| 110|0x0000000746e00000, 0x0000000746e00000, 0x0000000746f00000|  0%| F|  |TS 15|AC  0|TAMS 0x0000000746e00000, 0x0000000746e00000|
| 111|0x0000000746f00000, 0x0000000746f00000, 0x0000000747000000|  0%| F|  |TS 15|AC  0|TAMS 0x0000000746f00000, 0x0000000746f00000|
| 112|0x0000000747000000, 0x0000000747000000, 0x0000000747100000|  0%| F|  |TS 15|AC  0|TAMS 0x0000000747000000, 0x0000000747000000|
| 113|0x0000000747100000, 0x0000000747100000, 0x0000000747200000|  0%| F|  |TS 15|AC  0|TAMS 0x0000000747100000, 0x0000000747100000|
| 114|0x0000000747200000, 0x0000000747200000, 0x0000000747300000|  0%| F|  |TS 15|AC  0|TAMS 0x0000000747200000, 0x0000000747200000|
| 115|0x0000000747300000, 0x0000000747300000, 0x0000000747400000|  0%| F|  |TS 15|AC  0|TAMS 0x0000000747300000, 0x0000000747300000|
| 116|0x0000000747400000, 0x0000000747400000, 0x0000000747500000|  0%| F|  |TS 15|AC  0|TAMS 0x0000000747400000, 0x0000000747400000|
| 117|0x0000000747500000, 0x0000000747500000, 0x0000000747600000|  0%| F|  |TS 15|AC  0|TAMS 0x0000000747500000, 0x0000000747500000|
| 118|0x0000000747600000, 0x0000000747600000, 0x0000000747700000|  0%| F|  |TS 15|AC  0|TAMS 0x0000000747600000, 0x0000000747600000|
| 119|0x0000000747700000, 0x0000000747700000, 0x0000000747800000|  0%| F|  |TS 15|AC  0|TAMS 0x0000000747700000, 0x0000000747700000|
| 120|0x0000000747800000, 0x0000000747800000, 0x0000000747900000|  0%| F|  |TS 15|AC  0|TAMS 0x0000000747800000, 0x0000000747800000|
| 121|0x0000000747900000, 0x0000000747900000, 0x0000000747a00000|  0%| F|  |TS 15|AC  0|TAMS 0x0000000747900000, 0x0000000747900000|
| 122|0x0000000747a00000, 0x0000000747a00000, 0x0000000747b00000|  0%| F|  |TS 15|AC  0|TAMS 0x0000000747a00000, 0x0000000747a00000|
| 123|0x0000000747b00000, 0x0000000747b00000, 0x0000000747c00000|  0%| F|  |TS 15|AC  0|TAMS 0x0000000747b00000, 0x0000000747b00000|
| 124|0x0000000747c00000, 0x0000000747c00000, 0x0000000747d00000|  0%| F|  |TS 15|AC  0|TAMS 0x0000000747c00000, 0x0000000747c00000|
| 125|0x0000000747d00000, 0x0000000747d00000, 0x0000000747e00000|  0%| F|  |TS 15|AC  0|TAMS 0x0000000747d00000, 0x0000000747d00000|
| 126|0x0000000747e00000, 0x0000000747e00000, 0x0000000747f00000|  0%| F|  |TS 15|AC  0|TAMS 0x0000000747e00000, 0x0000000747e00000|
| 127|0x0000000747f00000, 0x0000000747f00000, 0x0000000748000000|  0%| F|  |TS 15|AC  0|TAMS 0x0000000747f00000, 0x0000000747f00000|
| 128|0x0000000748000000, 0x0000000748000000, 0x0000000748100000|  0%| F|  |TS 15|AC  0|TAMS 0x0000000748000000, 0x0000000748000000|
| 129|0x0000000748100000, 0x0000000748100000, 0x0000000748200000|  0%| F|  |TS 15|AC  0|TAMS 0x0000000748100000, 0x0000000748100000|
| 130|0x0000000748200000, 0x0000000748200000, 0x0000000748300000|  0%| F|  |TS 15|AC  0|TAMS 0x0000000748200000, 0x0000000748200000|
| 131|0x0000000748300000, 0x0000000748300000, 0x0000000748400000|  0%| F|  |TS 15|AC  0|TAMS 0x0000000748300000, 0x0000000748300000|
| 132|0x0000000748400000, 0x0000000748400000, 0x0000000748500000|  0%| F|  |TS 15|AC  0|TAMS 0x0000000748400000, 0x0000000748400000|
| 133|0x0000000748500000, 0x0000000748500000, 0x0000000748600000|  0%| F|  |TS 15|AC  0|TAMS 0x0000000748500000, 0x0000000748500000|
| 134|0x0000000748600000, 0x0000000748600000, 0x0000000748700000|  0%| F|  |TS 15|AC  0|TAMS 0x0000000748600000, 0x0000000748600000|
| 135|0x0000000748700000, 0x0000000748700000, 0x0000000748800000|  0%| F|  |TS 15|AC  0|TAMS 0x0000000748700000, 0x0000000748700000|
| 136|0x0000000748800000, 0x0000000748800000, 0x0000000748900000|  0%| F|  |TS 15|AC  0|TAMS 0x0000000748800000, 0x0000000748800000|
| 137|0x0000000748900000, 0x0000000748900000, 0x0000000748a00000|  0%| F|  |TS 15|AC  0|TAMS 0x0000000748900000, 0x0000000748900000|
| 138|0x0000000748a00000, 0x0000000748a00000, 0x0000000748b00000|  0%| F|  |TS 15|AC  0|TAMS 0x0000000748a00000, 0x0000000748a00000|
| 139|0x0000000748b00000, 0x0000000748b00000, 0x0000000748c00000|  0%| F|  |TS 15|AC  0|TAMS 0x0000000748b00000, 0x0000000748b00000|
| 140|0x0000000748c00000, 0x0000000748c00000, 0x0000000748d00000|  0%| F|  |TS 15|AC  0|TAMS 0x0000000748c00000, 0x0000000748c00000|
| 141|0x0000000748d00000, 0x0000000748d00000, 0x0000000748e00000|  0%| F|  |TS 15|AC  0|TAMS 0x0000000748d00000, 0x0000000748d00000|
| 142|0x0000000748e00000, 0x0000000748e00000, 0x0000000748f00000|  0%| F|  |TS 15|AC  0|TAMS 0x0000000748e00000, 0x0000000748e00000|
| 143|0x0000000748f00000, 0x0000000748f00000, 0x0000000749000000|  0%| F|  |TS 15|AC  0|TAMS 0x0000000748f00000, 0x0000000748f00000|
| 144|0x0000000749000000, 0x0000000749000000, 0x0000000749100000|  0%| F|  |TS 15|AC  0|TAMS 0x0000000749000000, 0x0000000749000000|
| 145|0x0000000749100000, 0x0000000749100000, 0x0000000749200000|  0%| F|  |TS 15|AC  0|TAMS 0x0000000749100000, 0x0000000749100000|
| 146|0x0000000749200000, 0x0000000749200000, 0x0000000749300000|  0%| F|  |TS 15|AC  0|TAMS 0x0000000749200000, 0x0000000749200000|
| 147|0x0000000749300000, 0x0000000749300000, 0x0000000749400000|  0%| F|  |TS 15|AC  0|TAMS 0x0000000749300000, 0x0000000749300000|
| 148|0x0000000749400000, 0x0000000749400000, 0x0000000749500000|  0%| F|  |TS 15|AC  0|TAMS 0x0000000749400000, 0x0000000749400000|
| 149|0x0000000749500000, 0x0000000749500000, 0x0000000749600000|  0%| F|  |TS 15|AC  0|TAMS 0x0000000749500000, 0x0000000749500000|
| 150|0x0000000749600000, 0x0000000749600000, 0x0000000749700000|  0%| F|  |TS 15|AC  0|TAMS 0x0000000749600000, 0x0000000749600000|
| 151|0x0000000749700000, 0x0000000749700000, 0x0000000749800000|  0%| F|  |TS 15|AC  0|TAMS 0x0000000749700000, 0x0000000749700000|
| 152|0x0000000749800000, 0x0000000749800000, 0x0000000749900000|  0%| F|  |TS 15|AC  0|TAMS 0x0000000749800000, 0x0000000749800000|
| 153|0x0000000749900000, 0x0000000749900000, 0x0000000749a00000|  0%| F|  |TS 15|AC  0|TAMS 0x0000000749900000, 0x0000000749900000|
| 154|0x0000000749a00000, 0x0000000749a00000, 0x0000000749b00000|  0%| F|  |TS 15|AC  0|TAMS 0x0000000749a00000, 0x0000000749a00000|
| 155|0x0000000749b00000, 0x0000000749b00000, 0x0000000749c00000|  0%| F|  |TS 15|AC  0|TAMS 0x0000000749b00000, 0x0000000749b00000|
| 156|0x0000000749c00000, 0x0000000749c00000, 0x0000000749d00000|  0%| F|  |TS 15|AC  0|TAMS 0x0000000749c00000, 0x0000000749c00000|
| 157|0x0000000749d00000, 0x0000000749d00000, 0x0000000749e00000|  0%| F|  |TS 15|AC  0|TAMS 0x0000000749d00000, 0x0000000749d00000|
| 158|0x0000000749e00000, 0x0000000749e00000, 0x0000000749f00000|  0%| F|  |TS 15|AC  0|TAMS 0x0000000749e00000, 0x0000000749e00000|
| 159|0x0000000749f00000, 0x0000000749f00000, 0x000000074a000000|  0%| F|  |TS 15|AC  0|TAMS 0x0000000749f00000, 0x0000000749f00000|
| 160|0x000000074a000000, 0x000000074a000000, 0x000000074a100000|  0%| F|  |TS 15|AC  0|TAMS 0x000000074a000000, 0x000000074a000000|
| 161|0x000000074a100000, 0x000000074a100000, 0x000000074a200000|  0%| F|  |TS 15|AC  0|TAMS 0x000000074a100000, 0x000000074a100000|
| 162|0x000000074a200000, 0x000000074a200000, 0x000000074a300000|  0%| F|  |TS 15|AC  0|TAMS 0x000000074a200000, 0x000000074a200000|
| 163|0x000000074a300000, 0x000000074a300000, 0x000000074a400000|  0%| F|  |TS 15|AC  0|TAMS 0x000000074a300000, 0x000000074a300000|
| 164|0x000000074a400000, 0x000000074a400000, 0x000000074a500000|  0%| F|  |TS 15|AC  0|TAMS 0x000000074a400000, 0x000000074a400000|
| 165|0x000000074a500000, 0x000000074a500000, 0x000000074a600000|  0%| F|  |TS 15|AC  0|TAMS 0x000000074a500000, 0x000000074a500000|
| 166|0x000000074a600000, 0x000000074a600000, 0x000000074a700000|  0%| F|  |TS 15|AC  0|TAMS 0x000000074a600000, 0x000000074a600000|
| 167|0x000000074a700000, 0x000000074a700000, 0x000000074a800000|  0%| F|  |TS 15|AC  0|TAMS 0x000000074a700000, 0x000000074a700000|
| 168|0x000000074a800000, 0x000000074a800000, 0x000000074a900000|  0%| F|  |TS 15|AC  0|TAMS 0x000000074a800000, 0x000000074a800000|
| 169|0x000000074a900000, 0x000000074a900000, 0x000000074aa00000|  0%| F|  |TS 15|AC  0|TAMS 0x000000074a900000, 0x000000074a900000|
| 170|0x000000074aa00000, 0x000000074aa00000, 0x000000074ab00000|  0%| F|  |TS 15|AC  0|TAMS 0x000000074aa00000, 0x000000074aa00000|
| 171|0x000000074ab00000, 0x000000074ab00000, 0x000000074ac00000|  0%| F|  |TS 15|AC  0|TAMS 0x000000074ab00000, 0x000000074ab00000|
| 172|0x000000074ac00000, 0x000000074ac00000, 0x000000074ad00000|  0%| F|  |TS 15|AC  0|TAMS 0x000000074ac00000, 0x000000074ac00000|
| 173|0x000000074ad00000, 0x000000074ade9cf8, 0x000000074ae00000| 91%| E|  |TS 15|AC  0|TAMS 0x000000074ad00000, 0x000000074ad00000|
| 174|0x000000074ae00000, 0x000000074af00000, 0x000000074af00000|100%| E|CS|TS 15|AC  0|TAMS 0x000000074ae00000, 0x000000074ae00000|
| 175|0x000000074af00000, 0x000000074b000000, 0x000000074b000000|100%| E|CS|TS 15|AC  0|TAMS 0x000000074af00000, 0x000000074af00000|
| 176|0x000000074b000000, 0x000000074b100000, 0x000000074b100000|100%| E|CS|TS 15|AC  0|TAMS 0x000000074b000000, 0x000000074b000000|
| 177|0x000000074b100000, 0x000000074b200000, 0x000000074b200000|100%| E|CS|TS 15|AC  0|TAMS 0x000000074b100000, 0x000000074b100000|
| 178|0x000000074b200000, 0x000000074b300000, 0x000000074b300000|100%| E|CS|TS 15|AC  0|TAMS 0x000000074b200000, 0x000000074b200000|
| 179|0x000000074b300000, 0x000000074b400000, 0x000000074b400000|100%| E|CS|TS 15|AC  0|TAMS 0x000000074b300000, 0x000000074b300000|
| 180|0x000000074b400000, 0x000000074b500000, 0x000000074b500000|100%| E|CS|TS 15|AC  0|TAMS 0x000000074b400000, 0x000000074b400000|
| 181|0x000000074b500000, 0x000000074b600000, 0x000000074b600000|100%| E|CS|TS 15|AC  0|TAMS 0x000000074b500000, 0x000000074b500000|
| 182|0x000000074b600000, 0x000000074b700000, 0x000000074b700000|100%| E|CS|TS 15|AC  0|TAMS 0x000000074b600000, 0x000000074b600000|
| 183|0x000000074b700000, 0x000000074b800000, 0x000000074b800000|100%| E|CS|TS 15|AC  0|TAMS 0x000000074b700000, 0x000000074b700000|
| 184|0x000000074b800000, 0x000000074b900000, 0x000000074b900000|100%| E|CS|TS 15|AC  0|TAMS 0x000000074b800000, 0x000000074b800000|
| 185|0x000000074b900000, 0x000000074ba00000, 0x000000074ba00000|100%| E|CS|TS 15|AC  0|TAMS 0x000000074b900000, 0x000000074b900000|
| 186|0x000000074ba00000, 0x000000074bb00000, 0x000000074bb00000|100%| E|CS|TS 15|AC  0|TAMS 0x000000074ba00000, 0x000000074ba00000|
| 187|0x000000074bb00000, 0x000000074bc00000, 0x000000074bc00000|100%| E|CS|TS 15|AC  0|TAMS 0x000000074bb00000, 0x000000074bb00000|
| 188|0x000000074bc00000, 0x000000074bd00000, 0x000000074bd00000|100%| E|CS|TS 15|AC  0|TAMS 0x000000074bc00000, 0x000000074bc00000|
| 189|0x000000074bd00000, 0x000000074be00000, 0x000000074be00000|100%| E|CS|TS 15|AC  0|TAMS 0x000000074bd00000, 0x000000074bd00000|
| 190|0x000000074be00000, 0x000000074bf00000, 0x000000074bf00000|100%| E|CS|TS 15|AC  0|TAMS 0x000000074be00000, 0x000000074be00000|
| 191|0x000000074bf00000, 0x000000074c000000, 0x000000074c000000|100%| E|CS|TS 15|AC  0|TAMS 0x000000074bf00000, 0x000000074bf00000|
| 192|0x000000074c000000, 0x000000074c100000, 0x000000074c100000|100%| E|CS|TS 15|AC  0|TAMS 0x000000074c000000, 0x000000074c000000|
| 193|0x000000074c100000, 0x000000074c200000, 0x000000074c200000|100%| E|CS|TS 15|AC  0|TAMS 0x000000074c100000, 0x000000074c100000|
| 194|0x000000074c200000, 0x000000074c300000, 0x000000074c300000|100%| E|CS|TS 15|AC  0|TAMS 0x000000074c200000, 0x000000074c200000|
| 195|0x000000074c300000, 0x000000074c400000, 0x000000074c400000|100%| E|CS|TS 15|AC  0|TAMS 0x000000074c300000, 0x000000074c300000|
| 196|0x000000074c400000, 0x000000074c500000, 0x000000074c500000|100%| E|CS|TS 15|AC  0|TAMS 0x000000074c400000, 0x000000074c400000|
| 197|0x000000074c500000, 0x000000074c600000, 0x000000074c600000|100%| E|CS|TS 15|AC  0|TAMS 0x000000074c500000, 0x000000074c500000|
| 198|0x000000074c600000, 0x000000074c700000, 0x000000074c700000|100%| E|CS|TS 15|AC  0|TAMS 0x000000074c600000, 0x000000074c600000|
| 199|0x000000074c700000, 0x000000074c800000, 0x000000074c800000|100%| E|CS|TS 15|AC  0|TAMS 0x000000074c700000, 0x000000074c700000|
| 200|0x000000074c800000, 0x000000074c900000, 0x000000074c900000|100%| E|CS|TS 15|AC  0|TAMS 0x000000074c800000, 0x000000074c800000|
| 201|0x000000074c900000, 0x000000074ca00000, 0x000000074ca00000|100%| E|CS|TS 15|AC  0|TAMS 0x000000074c900000, 0x000000074c900000|
| 202|0x000000074ca00000, 0x000000074cb00000, 0x000000074cb00000|100%| E|CS|TS 15|AC  0|TAMS 0x000000074ca00000, 0x000000074ca00000|
| 203|0x000000074cb00000, 0x000000074cc00000, 0x000000074cc00000|100%| E|CS|TS 15|AC  0|TAMS 0x000000074cb00000, 0x000000074cb00000|
| 204|0x000000074cc00000, 0x000000074cd00000, 0x000000074cd00000|100%| E|CS|TS 15|AC  0|TAMS 0x000000074cc00000, 0x000000074cc00000|
| 205|0x000000074cd00000, 0x000000074ce00000, 0x000000074ce00000|100%| E|CS|TS 15|AC  0|TAMS 0x000000074cd00000, 0x000000074cd00000|
| 206|0x000000074ce00000, 0x000000074cf00000, 0x000000074cf00000|100%| E|CS|TS 15|AC  0|TAMS 0x000000074ce00000, 0x000000074ce00000|
| 207|0x000000074cf00000, 0x000000074d000000, 0x000000074d000000|100%| E|CS|TS 15|AC  0|TAMS 0x000000074cf00000, 0x000000074cf00000|
| 208|0x000000074d000000, 0x000000074d100000, 0x000000074d100000|100%| E|CS|TS 15|AC  0|TAMS 0x000000074d000000, 0x000000074d000000|
| 209|0x000000074d100000, 0x000000074d200000, 0x000000074d200000|100%| E|CS|TS 15|AC  0|TAMS 0x000000074d100000, 0x000000074d100000|
| 210|0x000000074d200000, 0x000000074d300000, 0x000000074d300000|100%| E|CS|TS 15|AC  0|TAMS 0x000000074d200000, 0x000000074d200000|
| 211|0x000000074d300000, 0x000000074d400000, 0x000000074d400000|100%| E|CS|TS 15|AC  0|TAMS 0x000000074d300000, 0x000000074d300000|
| 212|0x000000074d400000, 0x000000074d500000, 0x000000074d500000|100%| E|CS|TS 15|AC  0|TAMS 0x000000074d400000, 0x000000074d400000|
| 213|0x000000074d500000, 0x000000074d600000, 0x000000074d600000|100%| E|CS|TS 15|AC  0|TAMS 0x000000074d500000, 0x000000074d500000|
| 214|0x000000074d600000, 0x000000074d700000, 0x000000074d700000|100%| E|CS|TS 15|AC  0|TAMS 0x000000074d600000, 0x000000074d600000|
| 215|0x000000074d700000, 0x000000074d800000, 0x000000074d800000|100%| E|CS|TS 15|AC  0|TAMS 0x000000074d700000, 0x000000074d700000|
| 216|0x000000074d800000, 0x000000074d900000, 0x000000074d900000|100%| E|CS|TS 15|AC  0|TAMS 0x000000074d800000, 0x000000074d800000|
| 217|0x000000074d900000, 0x000000074da00000, 0x000000074da00000|100%| E|CS|TS 15|AC  0|TAMS 0x000000074d900000, 0x000000074d900000|
| 218|0x000000074da00000, 0x000000074db00000, 0x000000074db00000|100%| E|CS|TS 15|AC  0|TAMS 0x000000074da00000, 0x000000074da00000|
| 219|0x000000074db00000, 0x000000074dc00000, 0x000000074dc00000|100%| E|CS|TS 15|AC  0|TAMS 0x000000074db00000, 0x000000074db00000|
| 220|0x000000074dc00000, 0x000000074dd00000, 0x000000074dd00000|100%| E|CS|TS 15|AC  0|TAMS 0x000000074dc00000, 0x000000074dc00000|
| 221|0x000000074dd00000, 0x000000074de00000, 0x000000074de00000|100%| E|CS|TS 15|AC  0|TAMS 0x000000074dd00000, 0x000000074dd00000|
| 222|0x000000074de00000, 0x000000074df00000, 0x000000074df00000|100%| E|CS|TS 15|AC  0|TAMS 0x000000074de00000, 0x000000074de00000|
| 223|0x000000074df00000, 0x000000074e000000, 0x000000074e000000|100%| E|CS|TS 15|AC  0|TAMS 0x000000074df00000, 0x000000074df00000|
| 224|0x000000074e000000, 0x000000074e100000, 0x000000074e100000|100%| E|CS|TS 15|AC  0|TAMS 0x000000074e000000, 0x000000074e000000|
| 225|0x000000074e100000, 0x000000074e200000, 0x000000074e200000|100%| E|CS|TS 15|AC  0|TAMS 0x000000074e100000, 0x000000074e100000|
| 226|0x000000074e200000, 0x000000074e300000, 0x000000074e300000|100%| E|CS|TS 15|AC  0|TAMS 0x000000074e200000, 0x000000074e200000|
| 227|0x000000074e300000, 0x000000074e400000, 0x000000074e400000|100%| E|CS|TS 15|AC  0|TAMS 0x000000074e300000, 0x000000074e300000|

Card table byte_map: [0x000000012813a000,0x000000012853a000] byte_map_base: 0x000000012473a000

Marking Bits (Prev, Next): (CMBitMap*) 0x00007fc3c7839470, (CMBitMap*) 0x00007fc3c78394a8
 Prev Bits: [0x000000012893a000, 0x000000012a93a000)
 Next Bits: [0x000000012a93a000, 0x000000012c93a000)

Polling page: 0x000000010c3b8000

CodeHeap 'non-profiled nmethods': size=120032Kb used=2180Kb max_used=2328Kb free=117851Kb
 bounds [0x0000000120802000, 0x0000000120a72000, 0x0000000127d3a000]
CodeHeap 'profiled nmethods': size=120032Kb used=9720Kb max_used=10511Kb free=110311Kb
 bounds [0x00000001192ca000, 0x0000000119d1a000, 0x0000000120802000]
CodeHeap 'non-nmethods': size=5696Kb used=1518Kb max_used=1570Kb free=4177Kb
 bounds [0x0000000118d3a000, 0x0000000118faa000, 0x00000001192ca000]
 total_blobs=7126 nmethods=4535 adapters=776
 compilation: enabled

Compilation events (10 events):
Event: 15.029 Thread 0x00007fc3c702c800 nmethod 5120 0x0000000119574410 code [0x00000001195745e0, 0x0000000119574a78]
Event: 15.032 Thread 0x00007fc3c702a800 nmethod 5115 0x000000012097df90 code [0x000000012097e140, 0x000000012097e478]
Event: 15.032 Thread 0x00007fc3c702a800 5116       4       com.sun.javafx.geom.Path2D::needRoom (94 bytes)
Event: 15.038 Thread 0x00007fc3c702c800 5121   !   3       java.util.TimerThread::mainLoop (232 bytes)
Event: 15.058 Thread 0x00007fc3c702b800 nmethod 5111 0x000000012097bd10 code [0x000000012097bf80, 0x000000012097d330]
Event: 15.059 Thread 0x00007fc3c702c800 nmethod 5121 0x0000000119582b10 code [0x0000000119582de0, 0x0000000119583fd8]
Event: 15.059 Thread 0x00007fc3c702c800 5122       3       java.util.regex.Pattern$TreeInfo::<init> (9 bytes)
Event: 15.061 Thread 0x00007fc3c702c800 nmethod 5122 0x000000011953f810 code [0x000000011953f9c0, 0x000000011953fc70]
Event: 15.062 Thread 0x00007fc3c702c800 5123       3       java.util.regex.Pattern$CharProperty::study (29 bytes)
Event: 15.068 Thread 0x00007fc3c702c800 nmethod 5123 0x00000001194be410 code [0x00000001194be5c0, 0x00000001194be808]

GC Heap History (10 events):
Event: 14.093 GC heap before
{Heap before GC invocations=17 (full 0):
 garbage-first heap   total 189440K, used 145208K [0x0000000740000000, 0x00000007401005c8, 0x00000007c0000000)
  region size 1024K, 111 young (113664K), 3 survivors (3072K)
 Metaspace       used 33775K, capacity 36232K, committed 36304K, reserved 1081344K
  class space    used 4293K, capacity 4728K, committed 4736K, reserved 1048576K
}
Event: 14.098 GC heap after
{Heap after GC invocations=18 (full 0):
 garbage-first heap   total 189440K, used 34810K [0x0000000740000000, 0x00000007401005c8, 0x00000007c0000000)
  region size 1024K, 3 young (3072K), 3 survivors (3072K)
 Metaspace       used 33775K, capacity 36232K, committed 36304K, reserved 1081344K
  class space    used 4293K, capacity 4728K, committed 4736K, reserved 1048576K
}
Event: 14.292 GC heap before
{Heap before GC invocations=18 (full 0):
 garbage-first heap   total 189440K, used 145402K [0x0000000740000000, 0x00000007401005c8, 0x00000007c0000000)
  region size 1024K, 111 young (113664K), 3 survivors (3072K)
 Metaspace       used 33786K, capacity 36232K, committed 36304K, reserved 1081344K
  class space    used 4293K, capacity 4728K, committed 4736K, reserved 1048576K
}
Event: 14.298 GC heap after
{Heap after GC invocations=19 (full 0):
 garbage-first heap   total 189440K, used 34828K [0x0000000740000000, 0x00000007401005c8, 0x00000007c0000000)
  region size 1024K, 3 young (3072K), 3 survivors (3072K)
 Metaspace       used 33786K, capacity 36232K, committed 36304K, reserved 1081344K
  class space    used 4293K, capacity 4728K, committed 4736K, reserved 1048576K
}
Event: 14.515 GC heap before
{Heap before GC invocations=19 (full 0):
 garbage-first heap   total 189440K, used 145420K [0x0000000740000000, 0x00000007401005c8, 0x00000007c0000000)
  region size 1024K, 111 young (113664K), 3 survivors (3072K)
 Metaspace       used 33816K, capacity 36296K, committed 36304K, reserved 1081344K
  class space    used 4293K, capacity 4728K, committed 4736K, reserved 1048576K
}
Event: 14.518 GC heap after
{Heap after GC invocations=20 (full 0):
 garbage-first heap   total 189440K, used 34954K [0x0000000740000000, 0x00000007401005c8, 0x00000007c0000000)
  region size 1024K, 3 young (3072K), 3 survivors (3072K)
 Metaspace       used 33816K, capacity 36296K, committed 36304K, reserved 1081344K
  class space    used 4293K, capacity 4728K, committed 4736K, reserved 1048576K
}
Event: 14.752 GC heap before
{Heap before GC invocations=20 (full 0):
 garbage-first heap   total 189440K, used 145546K [0x0000000740000000, 0x00000007401005c8, 0x00000007c0000000)
  region size 1024K, 111 young (113664K), 3 survivors (3072K)
 Metaspace       used 33851K, capacity 36296K, committed 36304K, reserved 1081344K
  class space    used 4293K, capacity 4728K, committed 4736K, reserved 1048576K
}
Event: 14.757 GC heap after
{Heap after GC invocations=21 (full 0):
 garbage-first heap   total 189440K, used 35207K [0x0000000740000000, 0x00000007401005c8, 0x00000007c0000000)
  region size 1024K, 3 young (3072K), 3 survivors (3072K)
 Metaspace       used 33851K, capacity 36296K, committed 36304K, reserved 1081344K
  class space    used 4293K, capacity 4728K, committed 4736K, reserved 1048576K
}
Event: 15.000 GC heap before
{Heap before GC invocations=21 (full 0):
 garbage-first heap   total 189440K, used 145799K [0x0000000740000000, 0x00000007401005c8, 0x00000007c0000000)
  region size 1024K, 111 young (113664K), 3 survivors (3072K)
 Metaspace       used 33855K, capacity 36296K, committed 36304K, reserved 1081344K
  class space    used 4293K, capacity 4728K, committed 4736K, reserved 1048576K
}
Event: 15.006 GC heap after
{Heap after GC invocations=22 (full 0):
 garbage-first heap   total 233472K, used 35311K [0x0000000740000000, 0x0000000740100720, 0x00000007c0000000)
  region size 1024K, 2 young (2048K), 2 survivors (2048K)
 Metaspace       used 33855K, capacity 36296K, committed 36304K, reserved 1081344K
  class space    used 4293K, capacity 4728K, committed 4736K, reserved 1048576K
}

Deoptimization events (10 events):
Event: 10.190 Thread 0x00007fc3c71c9800 Uncommon trap: reason=array_check action=maybe_recompile pc=0x0000000120a01ac0 method=java.util.TimSort.binarySort([Ljava/lang/Object;IIILjava/util/Comparator;)V @ 215 c2
Event: 10.240 Thread 0x00007fc3c71c9800 Uncommon trap: reason=unstable_if action=reinterpret pc=0x00000001209d72a0 method=com.sun.javafx.geom.Curve.compareTo(Lcom/sun/javafx/geom/Curve;[D)I @ 137 c2
Event: 10.240 Thread 0x00007fc3c71c9800 Uncommon trap: reason=unstable_if action=reinterpret pc=0x00000001209bd9ac method=com.sun.javafx.geom.Order3.XforY(D)D @ 20 c2
Event: 10.274 Thread 0x00007fc3c71c9800 Uncommon trap: reason=unstable_if action=reinterpret pc=0x00000001209c80d8 method=com.sun.javafx.geom.Edge.compareTo(Lcom/sun/javafx/geom/Edge;[D)I @ 47 c2
Event: 10.274 Thread 0x00007fc3c71c9800 Uncommon trap: reason=unstable_if action=reinterpret pc=0x00000001209d7988 method=com.sun.javafx.geom.AreaOp$IntOp.newClassification(ZZ)Z @ 5 c2
Event: 10.274 Thread 0x00007fc3c71c9800 Uncommon trap: reason=unstable_if action=reinterpret pc=0x00000001209fcab0 method=com.sun.javafx.geom.Order3.XforY(D)D @ 20 c2
Event: 10.274 Thread 0x00007fc3c71c9800 Uncommon trap: reason=unstable_if action=reinterpret pc=0x0000000120a049dc method=com.sun.javafx.geom.CurveLink.getSubCurve()Lcom/sun/javafx/geom/Curve; @ 12 c2
Event: 12.623 Thread 0x00007fc3c71c9800 Uncommon trap: reason=unstable_if action=reinterpret pc=0x0000000120a13798 method=com.sun.javafx.geom.Edge.compareTo(Lcom/sun/javafx/geom/Edge;[D)I @ 47 c2
Event: 14.304 Thread 0x00007fc3c6b6d000 Uncommon trap: reason=unstable_if action=reinterpret pc=0x00000001208ad8b4 method=sun.nio.ch.IOUtil.readIntoNativeBuffer(Ljava/io/FileDescriptor;Ljava/nio/ByteBuffer;JLsun/nio/ch/NativeDispatcher;)I @ 121 c2
Event: 14.304 Thread 0x00007fc3c6b6d000 Uncommon trap: reason=unstable_if action=reinterpret pc=0x0000000120876438 method=java.nio.channels.spi.AbstractInterruptibleChannel.end(Z)V @ 34 c2

Classes redefined (0 events):
No events

Internal exceptions (10 events):
Event: 2.809 Thread 0x00007fc3c71c9800 Exception <a 'java/lang/ClassNotFoundException'{0x0000000747d83610}: com/sun/javafx/scene/control/skin/resources/controls_en> (0x0000000747d83610) thrown at [/scratch/mesos/slaves/5af44a71-976a-41b7-81de-5773b84ec572-S38393/frameworks/1735e8a2-a1db-478c-8
Event: 2.809 Thread 0x00007fc3c71c9800 Exception <a 'java/lang/ClassNotFoundException'{0x0000000747d844a8}: com/sun/javafx/scene/control/skin/resources/controls_en_US> (0x0000000747d844a8) thrown at [/scratch/mesos/slaves/5af44a71-976a-41b7-81de-5773b84ec572-S38393/frameworks/1735e8a2-a1db-478
Event: 2.941 Thread 0x00007fc3c71c9800 Exception <a 'java/lang/NoSuchMethodError'{0x000000074795bac8}: java.lang.invoke.DirectMethodHandle$Holder.invokeSpecial(Ljava/lang/Object;Ljava/lang/Object;D)V> (0x000000074795bac8) thrown at [/scratch/mesos/slaves/5af44a71-976a-41b7-81de-5773b84ec572-S3
Event: 2.941 Thread 0x00007fc3c71c9800 Exception <a 'java/lang/NoSuchMethodError'{0x0000000747961cd0}: java.lang.invoke.DirectMethodHandle$Holder.invokeStatic(Ljava/lang/Object;Ljava/lang/Object;D)Ljava/lang/Object;> (0x0000000747961cd0) thrown at [/scratch/mesos/slaves/5af44a71-976a-41b7-81de
Event: 2.941 Thread 0x00007fc3c71c9800 Exception <a 'java/lang/NoSuchMethodError'{0x0000000747965690}: method resolution failed> (0x0000000747965690) thrown at [/scratch/mesos/slaves/5af44a71-976a-41b7-81de-5773b84ec572-S38393/frameworks/1735e8a2-a1db-478c-8104-60c8b0af87dd-0196/executors/8b85
Event: 5.470 Thread 0x00007fc3c7904000 Exception <a 'java/lang/NoSuchMethodError'{0x0000000747e60b88}: java.lang.invoke.DirectMethodHandle$Holder.invokeStaticInit(Ljava/lang/Object;I)Ljava/lang/Object;> (0x0000000747e60b88) thrown at [/scratch/mesos/slaves/5af44a71-976a-41b7-81de-5773b84ec572-
Event: 5.945 Thread 0x00007fc3c71c9800 Exception <a 'java/lang/NoSuchMethodError'{0x00000007476d9800}: java.lang.invoke.DirectMethodHandle$Holder.invokeSpecial(Ljava/lang/Object;Ljava/lang/Object;Ljava/lang/Object;)J> (0x00000007476d9800) thrown at [/scratch/mesos/slaves/5af44a71-976a-41b7-81d
Event: 5.945 Thread 0x00007fc3c71c9800 Exception <a 'java/lang/NoSuchMethodError'{0x00000007476dfbf0}: java.lang.invoke.DirectMethodHandle$Holder.invokeStatic(Ljava/lang/Object;J)I> (0x00000007476dfbf0) thrown at [/scratch/mesos/slaves/5af44a71-976a-41b7-81de-5773b84ec572-S38393/frameworks/173
Event: 7.835 Thread 0x00007fc3c71c9800 Exception <a 'java/io/FileNotFoundException'{0x0000000747468400}> (0x0000000747468400) thrown at [/scratch/mesos/slaves/5af44a71-976a-41b7-81de-5773b84ec572-S38393/frameworks/1735e8a2-a1db-478c-8104-60c8b0af87dd-0196/executors/8b855640-c399-41ea-b65f-5227
Event: 7.844 Thread 0x00007fc3c71c9800 Exception <a 'java/io/FileNotFoundException'{0x000000074746d390}> (0x000000074746d390) thrown at [/scratch/mesos/slaves/5af44a71-976a-41b7-81de-5773b84ec572-S38393/frameworks/1735e8a2-a1db-478c-8104-60c8b0af87dd-0196/executors/8b855640-c399-41ea-b65f-5227

Events (10 events):
Event: 15.105 Thread 0x00007fc3c85b9000 Thread exited: 0x00007fc3c85b9000
Event: 15.105 Thread 0x00007fc3cb6fe000 Thread exited: 0x00007fc3cb6fe000
Event: 15.105 Thread 0x00007fc3cd9e3000 Thread exited: 0x00007fc3cd9e3000
Event: 15.105 Thread 0x00007fc3cfd5b000 Thread exited: 0x00007fc3cfd5b000
Event: 15.105 Thread 0x00007fc3cb7d6800 Thread exited: 0x00007fc3cb7d6800
Event: 15.105 Thread 0x00007fc3c85b9000 Thread added: 0x00007fc3c85b9000
Event: 15.106 Thread 0x00007fc3c85b9000 Thread exited: 0x00007fc3c85b9000
Event: 15.106 Thread 0x00007fc3d033e000 Thread exited: 0x00007fc3d033e000
Event: 15.106 Thread 0x00007fc3c87cd000 Thread exited: 0x00007fc3c87cd000
Event: 15.106 Thread 0x00007fc3ce628000 Thread exited: 0x00007fc3ce628000


Dynamic libraries:
0x00007fff3f746000 	/System/Library/Frameworks/Cocoa.framework/Versions/A/Cocoa
0x00007fff4baa1000 	/System/Library/Frameworks/Security.framework/Versions/A/Security
0x00007fff3e3e7000 	/System/Library/Frameworks/ApplicationServices.framework/Versions/A/ApplicationServices
0x00007fff6732f000 	/usr/lib/libz.1.dylib
0x00007fff6534a000 	/usr/lib/libSystem.B.dylib
0x00007fff3feda000 	/System/Library/Frameworks/CoreFoundation.framework/Versions/A/CoreFoundation
0x00007fff41fee000 	/System/Library/Frameworks/Foundation.framework/Versions/C/Foundation
0x00007fff66942000 	/usr/lib/libobjc.A.dylib
0x00007fff3d53a000 	/System/Library/Frameworks/AppKit.framework/Versions/C/AppKit
0x00007fff3fabc000 	/System/Library/Frameworks/CoreData.framework/Versions/A/CoreData
0x00007fff5ede8000 	/System/Library/PrivateFrameworks/RemoteViewServices.framework/Versions/A/RemoteViewServices
0x00007fff63400000 	/System/Library/PrivateFrameworks/UIFoundation.framework/Versions/A/UIFoundation
0x00007fff53f44000 	/System/Library/PrivateFrameworks/DFRFoundation.framework/Versions/A/DFRFoundation
0x00007fff44429000 	/System/Library/Frameworks/Metal.framework/Versions/A/Metal
0x00007fff540e6000 	/System/Library/PrivateFrameworks/DesktopServicesPriv.framework/Versions/A/DesktopServicesPriv
0x00007fff65f45000 	/usr/lib/libenergytrace.dylib
0x00007fff61538000 	/System/Library/PrivateFrameworks/SkyLight.framework/Versions/A/SkyLight
0x00007fff4037b000 	/System/Library/Frameworks/CoreGraphics.framework/Versions/A/CoreGraphics
0x00007fff65345000 	/usr/lib/libScreenReader.dylib
0x00007fff3c502000 	/System/Library/Frameworks/Accelerate.framework/Versions/A/Accelerate
0x00007fff42762000 	/System/Library/Frameworks/IOSurface.framework/Versions/A/IOSurface
0x00007fff3e931000 	/System/Library/Frameworks/AudioToolbox.framework/Versions/A/AudioToolbox
0x00007fff3ebbb000 	/System/Library/Frameworks/AudioUnit.framework/Versions/A/AudioUnit
0x00007fff53fe1000 	/System/Library/PrivateFrameworks/DataDetectorsCore.framework/Versions/A/DataDetectorsCore
0x00007fff3f24f000 	/System/Library/Frameworks/Carbon.framework/Versions/A/Frameworks/HIToolbox.framework/Versions/A/HIToolbox
0x00007fff6609f000 	/usr/lib/libicucore.A.dylib
0x00007fff4b029000 	/System/Library/Frameworks/QuartzCore.framework/Versions/A/QuartzCore
0x00007fff3f634000 	/System/Library/Frameworks/Carbon.framework/Versions/A/Frameworks/SpeechRecognition.framework/Versions/A/SpeechRecognition
0x00007fff654a6000 	/usr/lib/libauto.dylib
0x00007fff6721e000 	/usr/lib/libxml2.2.dylib
0x00007fff53bd0000 	/System/Library/PrivateFrameworks/CoreUI.framework/Versions/A/CoreUI
0x00007fff3f998000 	/System/Library/Frameworks/CoreAudio.framework/Versions/A/CoreAudio
0x00007fff41e28000 	/System/Library/Frameworks/DiskArbitration.framework/Versions/A/DiskArbitration
0x00007fff66313000 	/usr/lib/liblangid.dylib
0x00007fff5b368000 	/System/Library/PrivateFrameworks/MultitouchSupport.framework/Versions/A/MultitouchSupport
0x00007fff426c5000 	/System/Library/Frameworks/IOKit.framework/Versions/A/IOKit
0x00007fff64fe1000 	/usr/lib/libDiagnosticMessagesClient.dylib
0x00007fff4101b000 	/System/Library/Frameworks/CoreServices.framework/Versions/A/CoreServices
0x00007fff5cdf2000 	/System/Library/PrivateFrameworks/PerformanceAnalysis.framework/Versions/A/PerformanceAnalysis
0x00007fff4a1c7000 	/System/Library/Frameworks/OpenGL.framework/Versions/A/OpenGL
0x00007fff3f754000 	/System/Library/Frameworks/ColorSync.framework/Versions/A/ColorSync
0x00007fff40989000 	/System/Library/Frameworks/CoreImage.framework/Versions/A/CoreImage
0x00007fff4199a000 	/System/Library/Frameworks/CoreText.framework/Versions/A/CoreText
0x00007fff427bd000 	/System/Library/Frameworks/ImageIO.framework/Versions/A/ImageIO
0x00007fff504a2000 	/System/Library/PrivateFrameworks/Backup.framework/Versions/A/Backup
0x00007fff653f6000 	/usr/lib/libarchive.2.dylib
0x00007fff3eed1000 	/System/Library/Frameworks/CFNetwork.framework/Versions/A/CFNetwork
0x00007fff4c21c000 	/System/Library/Frameworks/SystemConfiguration.framework/Versions/A/SystemConfiguration
0x00007fff64f0a000 	/usr/lib/libCRFSuite.dylib
0x00007fff6557b000 	/usr/lib/libc++.1.dylib
0x00007fff655d2000 	/usr/lib/libc++abi.dylib
0x00007fff673de000 	/usr/lib/system/libcache.dylib
0x00007fff673e3000 	/usr/lib/system/libcommonCrypto.dylib
0x00007fff673ee000 	/usr/lib/system/libcompiler_rt.dylib
0x00007fff673f6000 	/usr/lib/system/libcopyfile.dylib
0x00007fff673ff000 	/usr/lib/system/libcorecrypto.dylib
0x00007fff6750a000 	/usr/lib/system/libdispatch.dylib
0x00007fff67544000 	/usr/lib/system/libdyld.dylib
0x00007fff67562000 	/usr/lib/system/libkeymgr.dylib
0x00007fff67570000 	/usr/lib/system/liblaunch.dylib
0x00007fff67571000 	/usr/lib/system/libmacho.dylib
0x00007fff67576000 	/usr/lib/system/libquarantine.dylib
0x00007fff67579000 	/usr/lib/system/libremovefile.dylib
0x00007fff6757b000 	/usr/lib/system/libsystem_asl.dylib
0x00007fff67593000 	/usr/lib/system/libsystem_blocks.dylib
0x00007fff67594000 	/usr/lib/system/libsystem_c.dylib
0x00007fff6761e000 	/usr/lib/system/libsystem_configuration.dylib
0x00007fff67622000 	/usr/lib/system/libsystem_coreservices.dylib
0x00007fff67626000 	/usr/lib/system/libsystem_darwin.dylib
0x00007fff67628000 	/usr/lib/system/libsystem_dnssd.dylib
0x00007fff6762f000 	/usr/lib/system/libsystem_info.dylib
0x00007fff6769f000 	/usr/lib/system/libsystem_m.dylib
0x00007fff676eb000 	/usr/lib/system/libsystem_malloc.dylib
0x00007fff6770b000 	/usr/lib/system/libsystem_network.dylib
0x00007fff677af000 	/usr/lib/system/libsystem_networkextension.dylib
0x00007fff677ba000 	/usr/lib/system/libsystem_notify.dylib
0x00007fff677d8000 	/usr/lib/system/libsystem_sandbox.dylib
0x00007fff677dc000 	/usr/lib/system/libsystem_secinit.dylib
0x00007fff67679000 	/usr/lib/system/libsystem_kernel.dylib
0x00007fff677c4000 	/usr/lib/system/libsystem_platform.dylib
0x00007fff677cc000 	/usr/lib/system/libsystem_pthread.dylib
0x00007fff677de000 	/usr/lib/system/libsystem_symptoms.dylib
0x00007fff677e6000 	/usr/lib/system/libsystem_trace.dylib
0x00007fff677fb000 	/usr/lib/system/libunwind.dylib
0x00007fff67801000 	/usr/lib/system/libxpc.dylib
0x00007fff64e38000 	/usr/lib/closure/libclosured.dylib
0x00007fff6555c000 	/usr/lib/libbsm.0.dylib
0x00007fff67563000 	/usr/lib/system/libkxld.dylib
0x00007fff6521b000 	/usr/lib/libOpenScriptingUtil.dylib
0x00007fff658c7000 	/usr/lib/libcoretls.dylib
0x00007fff658e0000 	/usr/lib/libcoretls_cfhelpers.dylib
0x00007fff66d43000 	/usr/lib/libpam.2.dylib
0x00007fff66e6a000 	/usr/lib/libsqlite3.dylib
0x00007fff6720d000 	/usr/lib/libxar.1.dylib
0x00007fff6556d000 	/usr/lib/libbz2.1.0.dylib
0x00007fff66315000 	/usr/lib/liblzma.5.dylib
0x00007fff667f6000 	/usr/lib/libnetwork.dylib
0x00007fff653df000 	/usr/lib/libapple_nghttp2.dylib
0x00007fff66d4a000 	/usr/lib/libpcap.A.dylib
0x00007fff654a7000 	/usr/lib/libboringssl.dylib
0x00007fff671cf000 	/usr/lib/libusrtcp.dylib
0x00007fff653de000 	/usr/lib/libapple_crypto.dylib
0x00007fff4139e000 	/System/Library/Frameworks/CoreServices.framework/Versions/A/Frameworks/FSEvents.framework/Versions/A/FSEvents
0x00007fff41091000 	/System/Library/Frameworks/CoreServices.framework/Versions/A/Frameworks/CarbonCore.framework/Versions/A/CarbonCore
0x00007fff4155f000 	/System/Library/Frameworks/CoreServices.framework/Versions/A/Frameworks/Metadata.framework/Versions/A/Metadata
0x00007fff4160f000 	/System/Library/Frameworks/CoreServices.framework/Versions/A/Frameworks/OSServices.framework/Versions/A/OSServices
0x00007fff4166d000 	/System/Library/Frameworks/CoreServices.framework/Versions/A/Frameworks/SearchKit.framework/Versions/A/SearchKit
0x00007fff4101c000 	/System/Library/Frameworks/CoreServices.framework/Versions/A/Frameworks/AE.framework/Versions/A/AE
0x00007fff413a7000 	/System/Library/Frameworks/CoreServices.framework/Versions/A/Frameworks/LaunchServices.framework/Versions/A/LaunchServices
0x00007fff41369000 	/System/Library/Frameworks/CoreServices.framework/Versions/A/Frameworks/DictionaryServices.framework/Versions/A/DictionaryServices
0x00007fff416dc000 	/System/Library/Frameworks/CoreServices.framework/Versions/A/Frameworks/SharedFileList.framework/Versions/A/SharedFileList
0x00007fff455e6000 	/System/Library/Frameworks/NetFS.framework/Versions/A/NetFS
0x00007fff5b5f4000 	/System/Library/PrivateFrameworks/NetAuth.framework/Versions/A/NetAuth
0x00007fff64cd2000 	/System/Library/PrivateFrameworks/login.framework/Versions/A/Frameworks/loginsupport.framework/Versions/A/loginsupport
0x00007fff63086000 	/System/Library/PrivateFrameworks/TCC.framework/Versions/A/TCC
0x00007fff663f6000 	/usr/lib/libmecabra.dylib
0x00007fff3e3e8000 	/System/Library/Frameworks/ApplicationServices.framework/Versions/A/Frameworks/ATS.framework/Versions/A/ATS
0x00007fff3e796000 	/System/Library/Frameworks/ApplicationServices.framework/Versions/A/Frameworks/ColorSyncLegacy.framework/Versions/A/ColorSyncLegacy
0x00007fff3e83a000 	/System/Library/Frameworks/ApplicationServices.framework/Versions/A/Frameworks/HIServices.framework/Versions/A/HIServices
0x00007fff3e88d000 	/System/Library/Frameworks/ApplicationServices.framework/Versions/A/Frameworks/LangAnalysis.framework/Versions/A/LangAnalysis
0x00007fff3e89c000 	/System/Library/Frameworks/ApplicationServices.framework/Versions/A/Frameworks/PrintCore.framework/Versions/A/PrintCore
0x00007fff3e8e9000 	/System/Library/Frameworks/ApplicationServices.framework/Versions/A/Frameworks/QD.framework/Versions/A/QD
0x00007fff3e924000 	/System/Library/Frameworks/ApplicationServices.framework/Versions/A/Frameworks/SpeechSynthesis.framework/Versions/A/SpeechSynthesis
0x00007fff3fe0e000 	/System/Library/Frameworks/CoreDisplay.framework/Versions/A/CoreDisplay
0x00007fff3c51a000 	/System/Library/Frameworks/Accelerate.framework/Versions/A/Frameworks/vImage.framework/Versions/A/vImage
0x00007fff3d250000 	/System/Library/Frameworks/Accelerate.framework/Versions/A/Frameworks/vecLib.framework/Versions/A/vecLib
0x00007fff3cff2000 	/System/Library/Frameworks/Accelerate.framework/Versions/A/Frameworks/vecLib.framework/Versions/A/libvDSP.dylib
0x00007fff3cb74000 	/System/Library/Frameworks/Accelerate.framework/Versions/A/Frameworks/vecLib.framework/Versions/A/libBNNS.dylib
0x00007fff3cf79000 	/System/Library/Frameworks/Accelerate.framework/Versions/A/Frameworks/vecLib.framework/Versions/A/libQuadrature.dylib
0x00007fff3d19f000 	/System/Library/Frameworks/Accelerate.framework/Versions/A/Frameworks/vecLib.framework/Versions/A/libvMisc.dylib
0x00007fff3cba2000 	/System/Library/Frameworks/Accelerate.framework/Versions/A/Frameworks/vecLib.framework/Versions/A/libLAPACK.dylib
0x00007fff3ca19000 	/System/Library/Frameworks/Accelerate.framework/Versions/A/Frameworks/vecLib.framework/Versions/A/libBLAS.dylib
0x00007fff3cf63000 	/System/Library/Frameworks/Accelerate.framework/Versions/A/Frameworks/vecLib.framework/Versions/A/libLinearAlgebra.dylib
0x00007fff3cf7f000 	/System/Library/Frameworks/Accelerate.framework/Versions/A/Frameworks/vecLib.framework/Versions/A/libSparse.dylib
0x00007fff3cfde000 	/System/Library/Frameworks/Accelerate.framework/Versions/A/Frameworks/vecLib.framework/Versions/A/libSparseBLAS.dylib
0x00007fff59d36000 	/System/Library/PrivateFrameworks/IOAccelerator.framework/Versions/A/IOAccelerator
0x00007fff59d41000 	/System/Library/PrivateFrameworks/IOPresentment.framework/Versions/A/IOPresentment
0x00007fff53f56000 	/System/Library/PrivateFrameworks/DSExternalDisplay.framework/Versions/A/DSExternalDisplay
0x00007fff4964a000 	/System/Library/Frameworks/OpenGL.framework/Versions/A/Libraries/libCoreFSCache.dylib
0x00007fff41ae9000 	/System/Library/Frameworks/CoreVideo.framework/Versions/A/CoreVideo
0x00007fff5939a000 	/System/Library/PrivateFrameworks/GraphVisualizer.framework/Versions/A/GraphVisualizer
0x00007fff445db000 	/System/Library/Frameworks/MetalPerformanceShaders.framework/Versions/A/MetalPerformanceShaders
0x00007fff65019000 	/usr/lib/libFosl_dynamic.dylib
0x00007fff54f6c000 	/System/Library/PrivateFrameworks/FaceCore.framework/Versions/A/FaceCore
0x00007fff48452000 	/System/Library/Frameworks/OpenCL.framework/Versions/A/OpenCL
0x00007fff65609000 	/usr/lib/libcompression.dylib
0x00007fff3e4e7000 	/System/Library/Frameworks/ApplicationServices.framework/Versions/A/Frameworks/ATS.framework/Versions/A/Resources/libFontParser.dylib
0x00007fff3e60a000 	/System/Library/Frameworks/ApplicationServices.framework/Versions/A/Frameworks/ATS.framework/Versions/A/Resources/libFontRegistry.dylib
0x00007fff42a1e000 	/System/Library/Frameworks/ImageIO.framework/Versions/A/Resources/libJPEG.dylib
0x00007fff42d47000 	/System/Library/Frameworks/ImageIO.framework/Versions/A/Resources/libTIFF.dylib
0x00007fff42d1d000 	/System/Library/Frameworks/ImageIO.framework/Versions/A/Resources/libPng.dylib
0x00007fff42931000 	/System/Library/Frameworks/ImageIO.framework/Versions/A/Resources/libGIF.dylib
0x00007fff42936000 	/System/Library/Frameworks/ImageIO.framework/Versions/A/Resources/libJP2.dylib
0x00007fff42d44000 	/System/Library/Frameworks/ImageIO.framework/Versions/A/Resources/libRadiance.dylib
0x00007fff4fc30000 	/System/Library/PrivateFrameworks/AppleJPEG.framework/Versions/A/AppleJPEG
0x00007fff5b0eb000 	/System/Library/PrivateFrameworks/MetalTools.framework/Versions/A/MetalTools
0x00007fff444c3000 	/System/Library/Frameworks/MetalPerformanceShaders.framework/Frameworks/MPSCore.framework/Versions/A/MPSCore
0x00007fff444d9000 	/System/Library/Frameworks/MetalPerformanceShaders.framework/Frameworks/MPSImage.framework/Versions/A/MPSImage
0x00007fff44544000 	/System/Library/Frameworks/MetalPerformanceShaders.framework/Frameworks/MPSMatrix.framework/Versions/A/MPSMatrix
0x00007fff44564000 	/System/Library/Frameworks/MetalPerformanceShaders.framework/Frameworks/MPSNeuralNetwork.framework/Versions/A/MPSNeuralNetwork
0x00007fff49811000 	/System/Library/Frameworks/OpenGL.framework/Versions/A/Libraries/libGLU.dylib
0x00007fff49653000 	/System/Library/Frameworks/OpenGL.framework/Versions/A/Libraries/libGFXShared.dylib
0x00007fff4965c000 	/System/Library/Frameworks/OpenGL.framework/Versions/A/Libraries/libGL.dylib
0x00007fff49668000 	/System/Library/Frameworks/OpenGL.framework/Versions/A/Libraries/libGLImage.dylib
0x00007fff49647000 	/System/Library/Frameworks/OpenGL.framework/Versions/A/Libraries/libCVMSPluginSupport.dylib
0x00007fff4964e000 	/System/Library/Frameworks/OpenGL.framework/Versions/A/Libraries/libCoreVMClient.dylib
0x00007fff65db1000 	/usr/lib/libcups.2.dylib
0x00007fff43acb000 	/System/Library/Frameworks/Kerberos.framework/Versions/A/Kerberos
0x00007fff42421000 	/System/Library/Frameworks/GSS.framework/Versions/A/GSS
0x00007fff66dfe000 	/usr/lib/libresolv.9.dylib
0x00007fff65fad000 	/usr/lib/libiconv.2.dylib
0x00007fff59421000 	/System/Library/PrivateFrameworks/Heimdal.framework/Versions/A/Heimdal
0x00007fff65f7c000 	/usr/lib/libheimdal-asn1.dylib
0x000000010c2fa000 	/System/Library/Frameworks/OpenDirectory.framework/Versions/A/OpenDirectory
0x00007fff51e82000 	/System/Library/PrivateFrameworks/CommonAuth.framework/Versions/A/CommonAuth
0x000000010c31b000 	/System/Library/Frameworks/OpenDirectory.framework/Versions/A/Frameworks/CFOpenDirectory.framework/Versions/A/CFOpenDirectory
0x00007fff4bdbd000 	/System/Library/Frameworks/SecurityFoundation.framework/Versions/A/SecurityFoundation
0x00007fff4ee51000 	/System/Library/PrivateFrameworks/APFS.framework/Versions/A/APFS
0x00007fff67209000 	/usr/lib/libutil.dylib
0x00007fff4fcb3000 	/System/Library/PrivateFrameworks/AppleSauce.framework/Versions/A/AppleSauce
0x00007fff5a509000 	/System/Library/PrivateFrameworks/LinguisticData.framework/Versions/A/LinguisticData
0x00007fff6632f000 	/usr/lib/libmarisa.dylib
0x00007fff5a4c3000 	/System/Library/PrivateFrameworks/Lexicon.framework/Versions/A/Lexicon
0x00007fff64f44000 	/usr/lib/libChineseTokenizer.dylib
0x00007fff655f8000 	/usr/lib/libcmph.dylib
0x00007fff5a3cd000 	/System/Library/PrivateFrameworks/LanguageModeling.framework/Versions/A/LanguageModeling
0x00007fff52891000 	/System/Library/PrivateFrameworks/CoreEmoji.framework/Versions/A/CoreEmoji
0x00007fff4be75000 	/System/Library/Frameworks/ServiceManagement.framework/Versions/A/ServiceManagement
0x00007fff5049a000 	/System/Library/PrivateFrameworks/BackgroundTaskManagement.framework/Versions/A/BackgroundTaskManagement
0x00007fff67306000 	/usr/lib/libxslt.1.dylib
0x00007fff3f55e000 	/System/Library/Frameworks/Carbon.framework/Versions/A/Frameworks/Ink.framework/Versions/A/Ink
0x00007fff63294000 	/System/Library/PrivateFrameworks/TextureIO.framework/Versions/A/TextureIO
0x00007fff65421000 	/usr/lib/libate.dylib
0x00007fff53eb8000 	/System/Library/PrivateFrameworks/CrashReporterSupport.framework/Versions/A/CrashReporterSupport
0x00007fff60710000 	/System/Library/PrivateFrameworks/Sharing.framework/Versions/A/Sharing
0x00007fff5a116000 	/System/Library/PrivateFrameworks/IconServices.framework/Versions/A/IconServices
0x00007fff5ebf5000 	/System/Library/PrivateFrameworks/ProtocolBuffer.framework/Versions/A/ProtocolBuffer
0x00007fff4fabd000 	/System/Library/PrivateFrameworks/Apple80211.framework/Versions/A/Apple80211
0x00007fff41b24000 	/System/Library/Frameworks/CoreWLAN.framework/Versions/A/CoreWLAN
0x00007fff53d05000 	/System/Library/PrivateFrameworks/CoreUtils.framework/Versions/A/CoreUtils
0x00007fff42562000 	/System/Library/Frameworks/IOBluetooth.framework/Versions/A/IOBluetooth
0x00007fff53e53000 	/System/Library/PrivateFrameworks/CoreWiFi.framework/Versions/A/CoreWiFi
0x00007fff3fa92000 	/System/Library/Frameworks/CoreBluetooth.framework/Versions/A/CoreBluetooth
0x00007fff6083e000 	/System/Library/PrivateFrameworks/SignpostNotification.framework/Versions/A/SignpostNotification
0x00007fff540a5000 	/System/Library/PrivateFrameworks/DebugSymbols.framework/Versions/A/DebugSymbols
0x00007fff53abc000 	/System/Library/PrivateFrameworks/CoreSymbolication.framework/Versions/A/CoreSymbolication
0x00007fff62b17000 	/System/Library/PrivateFrameworks/Symbolication.framework/Versions/A/Symbolication
0x00007fff4fae7000 	/System/Library/PrivateFrameworks/AppleFSCompression.framework/Versions/A/AppleFSCompression
0x00007fff61f7d000 	/System/Library/PrivateFrameworks/SpeechRecognitionCore.framework/Versions/A/SpeechRecognitionCore
0x000000010cc00000 	/Library/Java/JavaVirtualMachines/jdk-9.0.1.jdk/Contents/Home/lib/server/libjvm.dylib
0x00007fff67101000 	/usr/lib/libstdc++.6.0.9.dylib
0x000000010c377000 	/Library/Java/JavaVirtualMachines/jdk-9.0.1.jdk/Contents/Home/lib/libverify.dylib
0x000000010c384000 	/Library/Java/JavaVirtualMachines/jdk-9.0.1.jdk/Contents/Home/lib/libjava.dylib
0x000000010d8aa000 	/Library/Java/JavaVirtualMachines/jdk-9.0.1.jdk/Contents/Home/lib/libzip.dylib
0x000000010d8b2000 	/Library/Java/JavaVirtualMachines/jdk-9.0.1.jdk/Contents/Home/lib/libjimage.dylib
0x000000010e4e8000 	/Library/Java/JavaVirtualMachines/jdk-9.0.1.jdk/Contents/Home/lib/libnio.dylib
0x000000010e4f8000 	/Library/Java/JavaVirtualMachines/jdk-9.0.1.jdk/Contents/Home/lib/./libnet.dylib
0x000000010e531000 	/Library/Java/JavaVirtualMachines/jdk-9.0.1.jdk/Contents/Home/lib/libprism_es2.dylib
0x00007fff53766000 	/System/Library/PrivateFrameworks/CoreServicesInternal.framework/Versions/A/CoreServicesInternal
0x00007fff4a1d6000 	/System/Library/Frameworks/OpenGL.framework/Versions/A/Resources/GLEngine.bundle/GLEngine
0x00007fff496a4000 	/System/Library/Frameworks/OpenGL.framework/Versions/A/Libraries/libGLProgrammability.dylib
0x000000012f7b9000 	/System/Library/Extensions/AppleIntelKBLGraphicsGLDriver.bundle/Contents/MacOS/AppleIntelKBLGraphicsGLDriver
0x00007fff58656000 	/System/Library/PrivateFrameworks/GPUSupport.framework/Versions/A/Libraries/libGPUSupportMercury.dylib
0x00007fff4a36e000 	/System/Library/Frameworks/OpenGL.framework/Versions/A/Resources/GLRendererFloat.bundle/GLRendererFloat
0x00007fff48449000 	/System/Library/Frameworks/OpenCL.framework/Versions/A/Libraries/libcldcpuengine.dylib
0x00007fff65a7a000 	/usr/lib/libcrypto.35.dylib
0x00007fff633f9000 	/System/Library/PrivateFrameworks/TrustEvaluationAgent.framework/Versions/A/TrustEvaluationAgent
0x0000000130bd3000 	/Library/Java/JavaVirtualMachines/jdk-9.0.1.jdk/Contents/Home/lib/libglass.dylib
0x00007fff38984000 	/System/Library/CoreServices/RawCamera.bundle/Contents/MacOS/RawCamera
0x00007fff5b15a000 	/System/Library/PrivateFrameworks/MobileAsset.framework/Versions/A/MobileAsset
0x00007fff6241f000 	/System/Library/PrivateFrameworks/StreamingZip.framework/Versions/A/StreamingZip
0x00007fff43e2b000 	/System/Library/Frameworks/MediaToolbox.framework/Versions/A/MediaToolbox
0x00007fff524fa000 	/System/Library/PrivateFrameworks/CoreAVCHD.framework/Versions/A/CoreAVCHD
0x00007fff43d98000 	/System/Library/Frameworks/MediaAccessibility.framework/Versions/A/MediaAccessibility
0x00007fff5ad1f000 	/System/Library/PrivateFrameworks/Mangrove.framework/Versions/A/Mangrove
0x00007fff40ef0000 	/System/Library/Frameworks/CoreMedia.framework/Versions/A/CoreMedia
0x00007fff4c441000 	/System/Library/Frameworks/VideoToolbox.framework/Versions/A/VideoToolbox
0x00007fff52119000 	/System/Library/PrivateFrameworks/CoreAUC.framework/Versions/A/CoreAUC
0x00007fff66e68000 	/usr/lib/libspindump.dylib
0x00007fff65e89000 	/usr/lib/libdscsym.dylib
0x00007fff4fda8000 	/System/Library/PrivateFrameworks/AppleVA.framework/Versions/A/AppleVA
0x00007fff3c503000 	/System/Library/Frameworks/Accelerate.framework/Versions/A/Frameworks/vImage.framework/Versions/A/Libraries/libCGInterfaces.dylib
0x00007fff3e6f9000 	/System/Library/Frameworks/ApplicationServices.framework/Versions/A/Frameworks/ATS.framework/Versions/A/Resources/libTrueTypeScaler.dylib
0x00007fff39ff2000 	/System/Library/Extensions/AppleIntelKBLGraphicsMTLDriver.bundle/Contents/MacOS/AppleIntelKBLGraphicsMTLDriver
0x00007fff56ff6000 	/System/Library/PrivateFrameworks/GPUCompiler.framework/Versions/3802/Libraries/libmetal_timestamp.dylib
0x000000012f610000 	/Library/Java/JavaVirtualMachines/jdk-9.0.1.jdk/Contents/Home/lib/libjavafx_font.dylib
0x0000000135238000 	/Library/Java/JavaVirtualMachines/jdk-9.0.1.jdk/Contents/Home/lib/libawt.dylib
0x00000001352dd000 	/Library/Java/JavaVirtualMachines/jdk-9.0.1.jdk/Contents/Home/lib/./libmlib_image.dylib
0x00007fff43ab4000 	/System/Library/Frameworks/JavaVM.framework/Versions/A/Frameworks/JavaNativeFoundation.framework/Versions/A/JavaNativeFoundation
0x00007fff43abd000 	/System/Library/Frameworks/JavaVM.framework/Versions/A/Frameworks/JavaRuntimeSupport.framework/Versions/A/JavaRuntimeSupport
0x00007fff43ac6000 	/System/Library/Frameworks/JavaVM.framework/Versions/A/JavaVM
0x00007fff5a2d0000 	/System/Library/PrivateFrameworks/JavaLaunching.framework/Versions/A/JavaLaunching
0x00007fff3f24a000 	/System/Library/Frameworks/Carbon.framework/Versions/A/Carbon
0x00007fff3f24b000 	/System/Library/Frameworks/Carbon.framework/Versions/A/Frameworks/CommonPanels.framework/Versions/A/CommonPanels
0x00007fff3f554000 	/System/Library/Frameworks/Carbon.framework/Versions/A/Frameworks/Help.framework/Versions/A/Help
0x00007fff3f558000 	/System/Library/Frameworks/Carbon.framework/Versions/A/Frameworks/ImageCapture.framework/Versions/A/ImageCapture
0x00007fff3f5f4000 	/System/Library/Frameworks/Carbon.framework/Versions/A/Frameworks/OpenScripting.framework/Versions/A/OpenScripting
0x00007fff3f62f000 	/System/Library/Frameworks/Carbon.framework/Versions/A/Frameworks/Print.framework/Versions/A/Print
0x00007fff3f631000 	/System/Library/Frameworks/Carbon.framework/Versions/A/Frameworks/SecurityHI.framework/Versions/A/SecurityHI
0x000000013619f000 	/Library/Java/JavaVirtualMachines/jdk-9.0.1.jdk/Contents/Home/lib/libawt_lwawt.dylib
0x000000012f61a000 	/Library/Java/JavaVirtualMachines/jdk-9.0.1.jdk/Contents/Home/lib/./libosxapp.dylib
0x00007fff41fc7000 	/System/Library/Frameworks/ExceptionHandling.framework/Versions/A/ExceptionHandling
0x000000013625f000 	/Library/Java/JavaVirtualMachines/jdk-9.0.1.jdk/Contents/Home/lib/libfontmanager.dylib
0x0000000133017000 	/Library/Java/JavaVirtualMachines/jdk-9.0.1.jdk/Contents/Home/lib/libjavafx_iio.dylib
0x0000000133051000 	/Library/Java/JavaVirtualMachines/jdk-9.0.1.jdk/Contents/Home/lib/libsunec.dylib
0x0000000132d3e000 	/Library/Java/JavaVirtualMachines/jdk-9.0.1.jdk/Contents/Home/lib/libprism_common.dylib
0x0000000141e8a000 	/Library/Java/JavaVirtualMachines/jdk-9.0.1.jdk/Contents/Home/lib/libglib-lite.dylib
0x00007fff65f6d000 	/usr/lib/libffi.dylib
0x0000000141fbb000 	/Library/Java/JavaVirtualMachines/jdk-9.0.1.jdk/Contents/Home/lib/libgstreamer-lite.dylib
0x00000001351ff000 	/Library/Java/JavaVirtualMachines/jdk-9.0.1.jdk/Contents/Home/lib/libjfxmedia.dylib
0x00000001357b7000 	/Library/Java/JavaVirtualMachines/jdk-9.0.1.jdk/Contents/Home/lib/libjfxmedia_avf.dylib
0x00007fff3c165000 	/System/Library/Frameworks/AVFoundation.framework/Versions/A/AVFoundation
0x00007fff3c33b000 	/System/Library/Frameworks/AVFoundation.framework/Versions/A/Frameworks/AVFAudio.framework/Versions/A/AVFAudio
0x00007fff5a2b3000 	/System/Library/PrivateFrameworks/IntlPreferences.framework/Versions/A/IntlPreferences
0x00007fff40fcc000 	/System/Library/Frameworks/CoreMediaIO.framework/Versions/A/CoreMediaIO
0x00007fff5eddd000 	/System/Library/PrivateFrameworks/RemoteServiceDiscovery.framework/Versions/A/RemoteServiceDiscovery
0x00007fff5ee0c000 	/System/Library/PrivateFrameworks/RemoteXPC.framework/Versions/A/RemoteXPC
0x00007fff5b391000 	/System/Library/PrivateFrameworks/MultiverseSupport.framework/Versions/A/MultiverseSupport
0x00007fff5a242000 	/System/Library/PrivateFrameworks/InternationalSupport.framework/Versions/A/InternationalSupport
0x0000000135777000 	/Library/Java/JavaVirtualMachines/jdk-9.0.1.jdk/Contents/Home/lib/libfxplugins.dylib
0x00007fff4c440000 	/System/Library/Frameworks/VideoDecodeAcceleration.framework/Versions/A/VideoDecodeAcceleration
0x000000013300d000 	/System/Library/Extensions/AppleHDA.kext/Contents/PlugIns/AppleHDAHALPlugIn.bundle/Contents/MacOS/AppleHDAHALPlugIn
0x0000000142320000 	/System/Library/Components/CoreAudio.component/Contents/MacOS/CoreAudio
0x0000000142567000 	/System/Library/Components/AudioCodecs.component/Contents/MacOS/AudioCodecs
0x00007fff62e5c000 	/System/Library/PrivateFrameworks/SystemAdministration.framework/Versions/A/SystemAdministration
0x00007fff543d2000 	/System/Library/PrivateFrameworks/DiskManagement.framework/Versions/A/DiskManagement
0x000000012f6e9000 	/System/Library/Frameworks/DirectoryService.framework/Versions/A/DirectoryService
0x00007fff542ff000 	/System/Library/PrivateFrameworks/DiskImages.framework/Versions/A/DiskImages
0x00007fff5a5f5000 	/System/Library/PrivateFrameworks/LoginUIKit.framework/Versions/A/Frameworks/LoginUICore.framework/Versions/A/LoginUICore
0x00007fff64f50000 	/usr/lib/libCoreStorage.dylib
0x00007fff65da5000 	/usr/lib/libcsfde.dylib
0x00007fff66d31000 	/usr/lib/libodfde.dylib
0x00007fff5ae3b000 	/System/Library/PrivateFrameworks/MediaKit.framework/Versions/A/MediaKit
0x00007fff41d47000 	/System/Library/Frameworks/DiscRecording.framework/Versions/A/DiscRecording
0x00007fff544db000 	/System/Library/PrivateFrameworks/EFILogin.framework/Versions/A/EFILogin
0x00007fff5eba5000 	/System/Library/PrivateFrameworks/ProtectedCloudStorage.framework/Versions/A/ProtectedCloudStorage
0x00007fff65e32000 	/usr/lib/libcurl.4.dylib
0x00007fff6705b000 	/usr/lib/libssl.35.dylib
0x00007fff43ae5000 	/System/Library/Frameworks/LDAP.framework/Versions/A/LDAP
0x00007fff66e55000 	/usr/lib/libsasl2.2.dylib
0x00007fff52724000 	/System/Library/PrivateFrameworks/CoreDaemon.framework/Versions/B/CoreDaemon
0x00007fff4fcaa000 	/System/Library/PrivateFrameworks/AppleSRP.framework/Versions/A/AppleSRP
0x00007fff64cd5000 	/System/Library/PrivateFrameworks/login.framework/Versions/A/login

VM Arguments:
jvm_args: -Dfile.encoding=UTF-8 
java_command: layout.Main
java_class_path (initial): /Users/anandb/eclipse-workspace/BounceBlast/target/classes:/Users/anandb/.p2/pool/plugins/org.junit.jupiter.api_5.0.0.v20170910-2246.jar:/Users/anandb/.p2/pool/plugins/org.junit.jupiter.engine_5.0.0.v20170910-2246.jar:/Users/anandb/.p2/pool/plugins/org.junit.jupiter.migrationsupport_5.0.0.v20170910-2246.jar:/Users/anandb/.p2/pool/plugins/org.junit.jupiter.params_5.0.0.v20170910-2246.jar:/Users/anandb/.p2/pool/plugins/org.junit.platform.commons_1.0.0.v20170910-2246.jar:/Users/anandb/.p2/pool/plugins/org.junit.platform.engine_1.0.0.v20170910-2246.jar:/Users/anandb/.p2/pool/plugins/org.junit.platform.launcher_1.0.0.v20170910-2246.jar:/Users/anandb/.p2/pool/plugins/org.junit.platform.runner_1.0.0.v20170910-2246.jar:/Users/anandb/.p2/pool/plugins/org.junit.platform.suite.api_1.0.0.v20170910-2246.jar:/Users/anandb/.p2/pool/plugins/org.junit.vintage.engine_4.12.0.v20170910-2246.jar:/Users/anandb/.p2/pool/plugins/org.opentest4j_1.0.0.v20170910-2246.jar:/Users/anandb/.p2/pool/plugins/org.apiguardian_1.0.0.v20170910-2246.jar:/Users/anandb/.p2/pool/plugins/org.junit_4.12.0.v201504281640/junit.jar:/Users/anandb/.p2/pool/plugins/org.hamcrest.core_1.3.0.v201303031735.jar:/Users/anandb/.m2/repository/junit/junit-dep/4.8.2/junit-dep-4.8.2.jar:/Users/anandb/.m2/repository/org/hamcrest/hamcrest-core/1.1/hamcrest-core-1.1.jar:/Users/anandb/.m2/repository/com/google/firebase/firebase-admin/5.5.0/firebase-admin-5.5.0.jar:/Users/anandb/.m2/repository/com/google/api-client/google-api-client/1.22.0/google-api-client-1.22.0.jar:/Users/anandb/.m2/repository/com/google/oauth-client/google-oauth-client/1.22.0/google-oauth-client-1.22.0.jar:/Users/anandb/.m2/repository/com/google/http-client/google-http-client-jackson2/1.22.0/google-http-client-jackson2-1.22.0.jar:/Users/anandb/.m2/repository/com/fasterxml/jackson/core/jackson-core/2.1.3/jackson-core-2.1.3.jar:/Users/anandb/.m2/repository/com/google/api-client/google-api-client-gson/1.22.0/google-api-client-gson-1.2
Launcher Type: SUN_STANDARD

Logging:
Log output configuration:
#0: stdout all=warning uptime,level,tags
#1: stderr all=off uptime,level,tags

Environment Variables:
PATH=/usr/bin:/bin:/usr/sbin:/sbin
SHELL=/bin/bash

Signal Handlers:
SIGSEGV: [libjvm.dylib+0x73e2dc], sa_mask[0]=11111111011111110111111111111111, sa_flags=SA_ONSTACK|SA_RESTART|SA_SIGINFO
SIGBUS: [libjvm.dylib+0x73e2dc], sa_mask[0]=11111111011111110111111111111111, sa_flags=SA_RESTART|SA_SIGINFO
SIGFPE: [libjvm.dylib+0x73e2dc], sa_mask[0]=11111111011111110111111111111111, sa_flags=SA_RESTART|SA_SIGINFO
SIGPIPE: [libjvm.dylib+0x5f15ac], sa_mask[0]=11111111011111110111111111111111, sa_flags=SA_RESTART|SA_SIGINFO
SIGXFSZ: [libjvm.dylib+0x5f15ac], sa_mask[0]=11111111011111110111111111111111, sa_flags=SA_RESTART|SA_SIGINFO
SIGILL: [libjvm.dylib+0x73e2dc], sa_mask[0]=11111111011111110111111111111111, sa_flags=SA_RESTART|SA_SIGINFO
SIGUSR2: [libjvm.dylib+0x5f1e3c], sa_mask[0]=00100000000000000000000000000000, sa_flags=SA_RESTART|SA_SIGINFO
SIGHUP: [libjvm.dylib+0x5f0679], sa_mask[0]=11111111011111110111111111111111, sa_flags=SA_RESTART|SA_SIGINFO
SIGINT: [libjvm.dylib+0x5f0679], sa_mask[0]=11111111011111110111111111111111, sa_flags=SA_RESTART|SA_SIGINFO
SIGTERM: [libjvm.dylib+0x5f0679], sa_mask[0]=11111111011111110111111111111111, sa_flags=SA_RESTART|SA_SIGINFO
SIGQUIT: [libjvm.dylib+0x5f0679], sa_mask[0]=11111111011111110111111111111111, sa_flags=SA_RESTART|SA_SIGINFO


---------------  S Y S T E M  ---------------

OS:uname:Darwin 17.2.0 Darwin Kernel Version 17.2.0: Fri Sep 29 18:27:05 PDT 2017; root:xnu-4570.20.62~3/RELEASE_X86_64 x86_64
rlimit: STACK 8192k, CORE 0k, NPROC 709, NOFILE 10240, AS infinity
load average:3.71 3.03 3.17

CPU:total 4 (initial active 4) (2 cores per cpu, 2 threads per core) family 6 model 142 stepping 9, cmov, cx8, fxsr, mmx, sse, sse2, sse3, ssse3, sse4.1, sse4.2, popcnt, avx, avx2, aes, clmul, erms, rtm, 3dnowpref, lzcnt, ht, tsc, tscinvbit, bmi1, bmi2, adx, fma

Memory: 4k page, physical 8388608k(784264k free)

vm_info: Java HotSpot(TM) 64-Bit Server VM (9.0.1+11) for bsd-amd64 JRE (9.0.1+11), built on Sep 28 2017 03:49:57 by "mach5one" with gcc 4.2.1 Compatible Apple LLVM 6.1.0 (clang-602.0.49)

END.
